CRITICAL - 2023-12-12 00:11:03 --> Deletes are not allowed unless they contain a "where" or "like" clause.
in SYSTEMPATH/Database/BaseBuilder.php on line 2766.
 1 SYSTEMPATH/Model.php(445): CodeIgniter\Database\BaseBuilder->delete()
 2 SYSTEMPATH/BaseModel.php(1080): CodeIgniter\Model->doDelete()
 3 APPPATH/Controllers/AuthorController.php(89): CodeIgniter\BaseModel->delete()
 4 SYSTEMPATH/CodeIgniter.php(942): App\Controllers\AuthorController->delete()
 5 SYSTEMPATH/CodeIgniter.php(502): CodeIgniter\CodeIgniter->runController()
 6 SYSTEMPATH/CodeIgniter.php(361): CodeIgniter\CodeIgniter->handleRequest()
 7 FCPATH/index.php(79): CodeIgniter\CodeIgniter->run()
 8 SYSTEMPATH/Commands/Server/rewrite.php(47): require_once('/home/jhann.erict.c.tinaza/Documents/Tinaza_j/shinkan-library-management-system/public/index.php')
CRITICAL - 2023-12-12 00:14:43 --> Deletes are not allowed unless they contain a "where" or "like" clause.
in SYSTEMPATH/Database/BaseBuilder.php on line 2766.
 1 SYSTEMPATH/Model.php(445): CodeIgniter\Database\BaseBuilder->delete()
 2 SYSTEMPATH/BaseModel.php(1080): CodeIgniter\Model->doDelete()
 3 APPPATH/Controllers/AuthorController.php(89): CodeIgniter\BaseModel->delete()
 4 SYSTEMPATH/CodeIgniter.php(942): App\Controllers\AuthorController->delete()
 5 SYSTEMPATH/CodeIgniter.php(502): CodeIgniter\CodeIgniter->runController()
 6 SYSTEMPATH/CodeIgniter.php(361): CodeIgniter\CodeIgniter->handleRequest()
 7 FCPATH/index.php(79): CodeIgniter\CodeIgniter->run()
 8 SYSTEMPATH/Commands/Server/rewrite.php(47): require_once('/home/jhann.erict.c.tinaza/Documents/Tinaza_j/shinkan-library-management-system/public/index.php')
CRITICAL - 2023-12-12 00:16:56 --> Deletes are not allowed unless they contain a "where" or "like" clause.
in SYSTEMPATH/Database/BaseBuilder.php on line 2766.
 1 SYSTEMPATH/Model.php(445): CodeIgniter\Database\BaseBuilder->delete()
 2 SYSTEMPATH/BaseModel.php(1080): CodeIgniter\Model->doDelete()
 3 APPPATH/Controllers/AuthorController.php(89): CodeIgniter\BaseModel->delete()
 4 SYSTEMPATH/CodeIgniter.php(942): App\Controllers\AuthorController->delete()
 5 SYSTEMPATH/CodeIgniter.php(502): CodeIgniter\CodeIgniter->runController()
 6 SYSTEMPATH/CodeIgniter.php(361): CodeIgniter\CodeIgniter->handleRequest()
 7 FCPATH/index.php(79): CodeIgniter\CodeIgniter->run()
 8 SYSTEMPATH/Commands/Server/rewrite.php(47): require_once('/home/jhann.erict.c.tinaza/Documents/Tinaza_j/shinkan-library-management-system/public/index.php')
ERROR - 2023-12-12 00:19:00 --> mysqli_sql_exception: Cannot delete or update a parent row: a foreign key constraint fails (`ShinkanLibraryDB`.`books`, CONSTRAINT `books_author_id_foreign` FOREIGN KEY (`author_id`) REFERENCES `authors` (`author_id`)) in /home/jhann.erict.c.tinaza/Documents/Tinaza_j/shinkan-library-management-system/system/Database/MySQLi/Connection.php:306
Stack trace:
#0 /home/jhann.erict.c.tinaza/Documents/Tinaza_j/shinkan-library-management-system/system/Database/MySQLi/Connection.php(306): mysqli->query()
#1 /home/jhann.erict.c.tinaza/Documents/Tinaza_j/shinkan-library-management-system/system/Database/BaseConnection.php(693): CodeIgniter\Database\MySQLi\Connection->execute()
#2 /home/jhann.erict.c.tinaza/Documents/Tinaza_j/shinkan-library-management-system/system/Database/BaseConnection.php(607): CodeIgniter\Database\BaseConnection->simpleQuery()
#3 /home/jhann.erict.c.tinaza/Documents/Tinaza_j/shinkan-library-management-system/system/Database/BaseBuilder.php(2790): CodeIgniter\Database\BaseConnection->query()
#4 /home/jhann.erict.c.tinaza/Documents/Tinaza_j/shinkan-library-management-system/system/Model.php(445): CodeIgniter\Database\BaseBuilder->delete()
#5 /home/jhann.erict.c.tinaza/Documents/Tinaza_j/shinkan-library-management-system/system/BaseModel.php(1080): CodeIgniter\Model->doDelete()
#6 /home/jhann.erict.c.tinaza/Documents/Tinaza_j/shinkan-library-management-system/app/Controllers/AuthorController.php(89): CodeIgniter\BaseModel->delete()
#7 /home/jhann.erict.c.tinaza/Documents/Tinaza_j/shinkan-library-management-system/system/CodeIgniter.php(942): App\Controllers\AuthorController->delete()
#8 /home/jhann.erict.c.tinaza/Documents/Tinaza_j/shinkan-library-management-system/system/CodeIgniter.php(502): CodeIgniter\CodeIgniter->runController()
#9 /home/jhann.erict.c.tinaza/Documents/Tinaza_j/shinkan-library-management-system/system/CodeIgniter.php(361): CodeIgniter\CodeIgniter->handleRequest()
#10 /home/jhann.erict.c.tinaza/Documents/Tinaza_j/shinkan-library-management-system/public/index.php(79): CodeIgniter\CodeIgniter->run()
#11 /home/jhann.erict.c.tinaza/Documents/Tinaza_j/shinkan-library-management-system/system/Commands/Server/rewrite.php(47): require_once('...')
#12 {main}
CRITICAL - 2023-12-12 00:19:00 --> Cannot delete or update a parent row: a foreign key constraint fails (`ShinkanLibraryDB`.`books`, CONSTRAINT `books_author_id_foreign` FOREIGN KEY (`author_id`) REFERENCES `authors` (`author_id`))
in SYSTEMPATH/Database/BaseConnection.php on line 647.
 1 SYSTEMPATH/Database/BaseBuilder.php(2790): CodeIgniter\Database\BaseConnection->query()
 2 SYSTEMPATH/Model.php(445): CodeIgniter\Database\BaseBuilder->delete()
 3 SYSTEMPATH/BaseModel.php(1080): CodeIgniter\Model->doDelete()
 4 APPPATH/Controllers/AuthorController.php(89): CodeIgniter\BaseModel->delete()
 5 SYSTEMPATH/CodeIgniter.php(942): App\Controllers\AuthorController->delete()
 6 SYSTEMPATH/CodeIgniter.php(502): CodeIgniter\CodeIgniter->runController()
 7 SYSTEMPATH/CodeIgniter.php(361): CodeIgniter\CodeIgniter->handleRequest()
 8 FCPATH/index.php(79): CodeIgniter\CodeIgniter->run()
 9 SYSTEMPATH/Commands/Server/rewrite.php(47): require_once('/home/jhann.erict.c.tinaza/Documents/Tinaza_j/shinkan-library-management-system/public/index.php')
ERROR - 2023-12-12 00:21:46 --> mysqli_sql_exception: Cannot delete or update a parent row: a foreign key constraint fails (`ShinkanLibraryDB`.`books`, CONSTRAINT `books_author_id_foreign` FOREIGN KEY (`author_id`) REFERENCES `authors` (`author_id`)) in /home/jhann.erict.c.tinaza/Documents/Tinaza_j/shinkan-library-management-system/system/Database/MySQLi/Connection.php:306
Stack trace:
#0 /home/jhann.erict.c.tinaza/Documents/Tinaza_j/shinkan-library-management-system/system/Database/MySQLi/Connection.php(306): mysqli->query()
#1 /home/jhann.erict.c.tinaza/Documents/Tinaza_j/shinkan-library-management-system/system/Database/BaseConnection.php(693): CodeIgniter\Database\MySQLi\Connection->execute()
#2 /home/jhann.erict.c.tinaza/Documents/Tinaza_j/shinkan-library-management-system/system/Database/BaseConnection.php(607): CodeIgniter\Database\BaseConnection->simpleQuery()
#3 /home/jhann.erict.c.tinaza/Documents/Tinaza_j/shinkan-library-management-system/system/Database/BaseBuilder.php(2790): CodeIgniter\Database\BaseConnection->query()
#4 /home/jhann.erict.c.tinaza/Documents/Tinaza_j/shinkan-library-management-system/system/Model.php(445): CodeIgniter\Database\BaseBuilder->delete()
#5 /home/jhann.erict.c.tinaza/Documents/Tinaza_j/shinkan-library-management-system/system/BaseModel.php(1080): CodeIgniter\Model->doDelete()
#6 /home/jhann.erict.c.tinaza/Documents/Tinaza_j/shinkan-library-management-system/app/Controllers/AuthorController.php(89): CodeIgniter\BaseModel->delete()
#7 /home/jhann.erict.c.tinaza/Documents/Tinaza_j/shinkan-library-management-system/system/CodeIgniter.php(942): App\Controllers\AuthorController->delete()
#8 /home/jhann.erict.c.tinaza/Documents/Tinaza_j/shinkan-library-management-system/system/CodeIgniter.php(502): CodeIgniter\CodeIgniter->runController()
#9 /home/jhann.erict.c.tinaza/Documents/Tinaza_j/shinkan-library-management-system/system/CodeIgniter.php(361): CodeIgniter\CodeIgniter->handleRequest()
#10 /home/jhann.erict.c.tinaza/Documents/Tinaza_j/shinkan-library-management-system/public/index.php(79): CodeIgniter\CodeIgniter->run()
#11 /home/jhann.erict.c.tinaza/Documents/Tinaza_j/shinkan-library-management-system/system/Commands/Server/rewrite.php(47): require_once('...')
#12 {main}
CRITICAL - 2023-12-12 00:21:46 --> Cannot delete or update a parent row: a foreign key constraint fails (`ShinkanLibraryDB`.`books`, CONSTRAINT `books_author_id_foreign` FOREIGN KEY (`author_id`) REFERENCES `authors` (`author_id`))
in SYSTEMPATH/Database/BaseConnection.php on line 647.
 1 SYSTEMPATH/Database/BaseBuilder.php(2790): CodeIgniter\Database\BaseConnection->query()
 2 SYSTEMPATH/Model.php(445): CodeIgniter\Database\BaseBuilder->delete()
 3 SYSTEMPATH/BaseModel.php(1080): CodeIgniter\Model->doDelete()
 4 APPPATH/Controllers/AuthorController.php(89): CodeIgniter\BaseModel->delete()
 5 SYSTEMPATH/CodeIgniter.php(942): App\Controllers\AuthorController->delete()
 6 SYSTEMPATH/CodeIgniter.php(502): CodeIgniter\CodeIgniter->runController()
 7 SYSTEMPATH/CodeIgniter.php(361): CodeIgniter\CodeIgniter->handleRequest()
 8 FCPATH/index.php(79): CodeIgniter\CodeIgniter->run()
 9 SYSTEMPATH/Commands/Server/rewrite.php(47): require_once('/home/jhann.erict.c.tinaza/Documents/Tinaza_j/shinkan-library-management-system/public/index.php')
