CRITICAL - 2023-12-08 07:08:34 --> Updates are not allowed unless they contain a "where" or "like" clause.
in SYSTEMPATH/Model.php on line 380.
 1 SYSTEMPATH/BaseModel.php(949): CodeIgniter\Model->doUpdate()
 2 SYSTEMPATH/Model.php(776): CodeIgniter\BaseModel->update()
 3 APPPATH/Controllers/AuthorController.php(78): CodeIgniter\Model->update()
 4 SYSTEMPATH/CodeIgniter.php(942): App\Controllers\AuthorController->update()
 5 SYSTEMPATH/CodeIgniter.php(502): CodeIgniter\CodeIgniter->runController()
 6 SYSTEMPATH/CodeIgniter.php(361): CodeIgniter\CodeIgniter->handleRequest()
 7 FCPATH/index.php(79): CodeIgniter\CodeIgniter->run()
 8 SYSTEMPATH/Commands/Server/rewrite.php(47): require_once('/home/jhann.erict.c.tinaza/Documents/Tinaza_j/shinkan-library-management-system/public/index.php')
CRITICAL - 2023-12-08 07:08:51 --> Deletes are not allowed unless they contain a "where" or "like" clause.
in SYSTEMPATH/Database/BaseBuilder.php on line 2766.
 1 SYSTEMPATH/Model.php(445): CodeIgniter\Database\BaseBuilder->delete()
 2 SYSTEMPATH/BaseModel.php(1080): CodeIgniter\Model->doDelete()
 3 APPPATH/Controllers/AuthorController.php(90): CodeIgniter\BaseModel->delete()
 4 SYSTEMPATH/CodeIgniter.php(942): App\Controllers\AuthorController->delete()
 5 SYSTEMPATH/CodeIgniter.php(502): CodeIgniter\CodeIgniter->runController()
 6 SYSTEMPATH/CodeIgniter.php(361): CodeIgniter\CodeIgniter->handleRequest()
 7 FCPATH/index.php(79): CodeIgniter\CodeIgniter->run()
 8 SYSTEMPATH/Commands/Server/rewrite.php(47): require_once('/home/jhann.erict.c.tinaza/Documents/Tinaza_j/shinkan-library-management-system/public/index.php')
CRITICAL - 2023-12-08 07:57:43 --> Updates are not allowed unless they contain a "where" or "like" clause.
in SYSTEMPATH/Model.php on line 380.
 1 SYSTEMPATH/BaseModel.php(949): CodeIgniter\Model->doUpdate()
 2 SYSTEMPATH/Model.php(776): CodeIgniter\BaseModel->update()
 3 APPPATH/Controllers/AuthorController.php(78): CodeIgniter\Model->update()
 4 SYSTEMPATH/CodeIgniter.php(942): App\Controllers\AuthorController->update()
 5 SYSTEMPATH/CodeIgniter.php(502): CodeIgniter\CodeIgniter->runController()
 6 SYSTEMPATH/CodeIgniter.php(361): CodeIgniter\CodeIgniter->handleRequest()
 7 FCPATH/index.php(79): CodeIgniter\CodeIgniter->run()
 8 SYSTEMPATH/Commands/Server/rewrite.php(47): require_once('/home/jhann.erict.c.tinaza/Documents/Tinaza_j/shinkan-library-management-system/public/index.php')
CRITICAL - 2023-12-08 08:11:32 --> Updates are not allowed unless they contain a "where" or "like" clause.
in SYSTEMPATH/Model.php on line 380.
 1 SYSTEMPATH/BaseModel.php(949): CodeIgniter\Model->doUpdate()
 2 SYSTEMPATH/Model.php(776): CodeIgniter\BaseModel->update()
 3 APPPATH/Controllers/AuthorController.php(78): CodeIgniter\Model->update()
 4 SYSTEMPATH/CodeIgniter.php(942): App\Controllers\AuthorController->update()
 5 SYSTEMPATH/CodeIgniter.php(502): CodeIgniter\CodeIgniter->runController()
 6 SYSTEMPATH/CodeIgniter.php(361): CodeIgniter\CodeIgniter->handleRequest()
 7 FCPATH/index.php(79): CodeIgniter\CodeIgniter->run()
 8 SYSTEMPATH/Commands/Server/rewrite.php(47): require_once('/home/jhann.erict.c.tinaza/Documents/Tinaza_j/shinkan-library-management-system/public/index.php')
CRITICAL - 2023-12-08 08:13:31 --> syntax error, unexpected token "public", expecting end of file
in APPPATH/Controllers/AuthorController.php on line 100.
 1 SYSTEMPATH/Autoloader/Autoloader.php(291): CodeIgniter\Autoloader\Autoloader->includeFile()
 2 SYSTEMPATH/Autoloader/Autoloader.php(269): CodeIgniter\Autoloader\Autoloader->loadInNamespace()
 3 [internal function]: CodeIgniter\Autoloader\Autoloader->loadClass()
 4 SYSTEMPATH/CodeIgniter.php(900): class_exists()
 5 SYSTEMPATH/CodeIgniter.php(489): CodeIgniter\CodeIgniter->startController()
 6 SYSTEMPATH/CodeIgniter.php(361): CodeIgniter\CodeIgniter->handleRequest()
 7 FCPATH/index.php(79): CodeIgniter\CodeIgniter->run()
 8 SYSTEMPATH/Commands/Server/rewrite.php(47): require_once('/home/jhann.erict.c.tinaza/Documents/Tinaza_j/shinkan-library-management-system/public/index.php')
CRITICAL - 2023-12-08 08:13:40 --> syntax error, unexpected token "public", expecting end of file
in APPPATH/Controllers/AuthorController.php on line 100.
 1 SYSTEMPATH/Autoloader/Autoloader.php(291): CodeIgniter\Autoloader\Autoloader->includeFile()
 2 SYSTEMPATH/Autoloader/Autoloader.php(269): CodeIgniter\Autoloader\Autoloader->loadInNamespace()
 3 [internal function]: CodeIgniter\Autoloader\Autoloader->loadClass()
 4 SYSTEMPATH/CodeIgniter.php(900): class_exists()
 5 SYSTEMPATH/CodeIgniter.php(489): CodeIgniter\CodeIgniter->startController()
 6 SYSTEMPATH/CodeIgniter.php(361): CodeIgniter\CodeIgniter->handleRequest()
 7 FCPATH/index.php(79): CodeIgniter\CodeIgniter->run()
 8 SYSTEMPATH/Commands/Server/rewrite.php(47): require_once('/home/jhann.erict.c.tinaza/Documents/Tinaza_j/shinkan-library-management-system/public/index.php')
CRITICAL - 2023-12-08 08:44:54 --> Deletes are not allowed unless they contain a "where" or "like" clause.
in SYSTEMPATH/Database/BaseBuilder.php on line 2766.
 1 SYSTEMPATH/Model.php(445): CodeIgniter\Database\BaseBuilder->delete()
 2 SYSTEMPATH/BaseModel.php(1080): CodeIgniter\Model->doDelete()
 3 APPPATH/Controllers/AuthorController.php(90): CodeIgniter\BaseModel->delete()
 4 SYSTEMPATH/CodeIgniter.php(942): App\Controllers\AuthorController->delete()
 5 SYSTEMPATH/CodeIgniter.php(502): CodeIgniter\CodeIgniter->runController()
 6 SYSTEMPATH/CodeIgniter.php(361): CodeIgniter\CodeIgniter->handleRequest()
 7 FCPATH/index.php(79): CodeIgniter\CodeIgniter->run()
 8 SYSTEMPATH/Commands/Server/rewrite.php(47): require_once('/home/jhann.erict.c.tinaza/Documents/Tinaza_j/shinkan-library-management-system/public/index.php')
CRITICAL - 2023-12-08 09:08:32 --> There is no data to update.
in SYSTEMPATH/BaseModel.php on line 1726.
 1 SYSTEMPATH/BaseModel.php(1726): CodeIgniter\Database\Exceptions\DataException::forEmptyDataset()
 2 SYSTEMPATH/BaseModel.php(916): CodeIgniter\BaseModel->transformDataToArray()
 3 SYSTEMPATH/Model.php(776): CodeIgniter\BaseModel->update()
 4 APPPATH/Controllers/AuthorController.php(80): CodeIgniter\Model->update()
 5 SYSTEMPATH/CodeIgniter.php(942): App\Controllers\AuthorController->update()
 6 SYSTEMPATH/CodeIgniter.php(502): CodeIgniter\CodeIgniter->runController()
 7 SYSTEMPATH/CodeIgniter.php(361): CodeIgniter\CodeIgniter->handleRequest()
 8 FCPATH/index.php(79): CodeIgniter\CodeIgniter->run()
 9 SYSTEMPATH/Commands/Server/rewrite.php(47): require_once('/home/jhann.erict.c.tinaza/Documents/Tinaza_j/shinkan-library-management-system/public/index.php')
CRITICAL - 2023-12-08 09:10:02 --> There is no data to update.
in SYSTEMPATH/BaseModel.php on line 1726.
 1 SYSTEMPATH/BaseModel.php(1726): CodeIgniter\Database\Exceptions\DataException::forEmptyDataset()
 2 SYSTEMPATH/BaseModel.php(916): CodeIgniter\BaseModel->transformDataToArray()
 3 SYSTEMPATH/Model.php(776): CodeIgniter\BaseModel->update()
 4 APPPATH/Controllers/AuthorController.php(80): CodeIgniter\Model->update()
 5 SYSTEMPATH/CodeIgniter.php(942): App\Controllers\AuthorController->update()
 6 SYSTEMPATH/CodeIgniter.php(502): CodeIgniter\CodeIgniter->runController()
 7 SYSTEMPATH/CodeIgniter.php(361): CodeIgniter\CodeIgniter->handleRequest()
 8 FCPATH/index.php(79): CodeIgniter\CodeIgniter->run()
 9 SYSTEMPATH/Commands/Server/rewrite.php(47): require_once('/home/jhann.erict.c.tinaza/Documents/Tinaza_j/shinkan-library-management-system/public/index.php')
CRITICAL - 2023-12-08 09:25:20 --> There is no data to update.
in SYSTEMPATH/BaseModel.php on line 1726.
 1 SYSTEMPATH/BaseModel.php(1726): CodeIgniter\Database\Exceptions\DataException::forEmptyDataset()
 2 SYSTEMPATH/BaseModel.php(916): CodeIgniter\BaseModel->transformDataToArray()
 3 SYSTEMPATH/Model.php(776): CodeIgniter\BaseModel->update()
 4 APPPATH/Controllers/AuthorController.php(80): CodeIgniter\Model->update()
 5 SYSTEMPATH/CodeIgniter.php(942): App\Controllers\AuthorController->update()
 6 SYSTEMPATH/CodeIgniter.php(502): CodeIgniter\CodeIgniter->runController()
 7 SYSTEMPATH/CodeIgniter.php(361): CodeIgniter\CodeIgniter->handleRequest()
 8 FCPATH/index.php(79): CodeIgniter\CodeIgniter->run()
 9 SYSTEMPATH/Commands/Server/rewrite.php(47): require_once('/home/jhann.erict.c.tinaza/Documents/Tinaza_j/shinkan-library-management-system/public/index.php')
ERROR - 2023-12-08 09:41:51 --> mysqli_sql_exception: Column 'author_name' cannot be null in /home/jhann.erict.c.tinaza/Documents/Tinaza_j/shinkan-library-management-system/system/Database/MySQLi/Connection.php:306
Stack trace:
#0 /home/jhann.erict.c.tinaza/Documents/Tinaza_j/shinkan-library-management-system/system/Database/MySQLi/Connection.php(306): mysqli->query()
#1 /home/jhann.erict.c.tinaza/Documents/Tinaza_j/shinkan-library-management-system/system/Database/BaseConnection.php(693): CodeIgniter\Database\MySQLi\Connection->execute()
#2 /home/jhann.erict.c.tinaza/Documents/Tinaza_j/shinkan-library-management-system/system/Database/BaseConnection.php(607): CodeIgniter\Database\BaseConnection->simpleQuery()
#3 /home/jhann.erict.c.tinaza/Documents/Tinaza_j/shinkan-library-management-system/system/Database/BaseBuilder.php(2308): CodeIgniter\Database\BaseConnection->query()
#4 /home/jhann.erict.c.tinaza/Documents/Tinaza_j/shinkan-library-management-system/system/Model.php(319): CodeIgniter\Database\BaseBuilder->insert()
#5 /home/jhann.erict.c.tinaza/Documents/Tinaza_j/shinkan-library-management-system/system/BaseModel.php(788): CodeIgniter\Model->doInsert()
#6 /home/jhann.erict.c.tinaza/Documents/Tinaza_j/shinkan-library-management-system/system/Model.php(715): CodeIgniter\BaseModel->insert()
#7 /home/jhann.erict.c.tinaza/Documents/Tinaza_j/shinkan-library-management-system/system/BaseModel.php(698): CodeIgniter\Model->insert()
#8 /home/jhann.erict.c.tinaza/Documents/Tinaza_j/shinkan-library-management-system/app/Controllers/AuthorController.php(58): CodeIgniter\BaseModel->save()
#9 /home/jhann.erict.c.tinaza/Documents/Tinaza_j/shinkan-library-management-system/system/CodeIgniter.php(942): App\Controllers\AuthorController->store()
#10 /home/jhann.erict.c.tinaza/Documents/Tinaza_j/shinkan-library-management-system/system/CodeIgniter.php(502): CodeIgniter\CodeIgniter->runController()
#11 /home/jhann.erict.c.tinaza/Documents/Tinaza_j/shinkan-library-management-system/system/CodeIgniter.php(361): CodeIgniter\CodeIgniter->handleRequest()
#12 /home/jhann.erict.c.tinaza/Documents/Tinaza_j/shinkan-library-management-system/public/index.php(79): CodeIgniter\CodeIgniter->run()
#13 /home/jhann.erict.c.tinaza/Documents/Tinaza_j/shinkan-library-management-system/system/Commands/Server/rewrite.php(47): require_once('...')
#14 {main}
CRITICAL - 2023-12-08 09:41:51 --> Column 'author_name' cannot be null
in SYSTEMPATH/Database/BaseConnection.php on line 647.
 1 SYSTEMPATH/Database/BaseBuilder.php(2308): CodeIgniter\Database\BaseConnection->query()
 2 SYSTEMPATH/Model.php(319): CodeIgniter\Database\BaseBuilder->insert()
 3 SYSTEMPATH/BaseModel.php(788): CodeIgniter\Model->doInsert()
 4 SYSTEMPATH/Model.php(715): CodeIgniter\BaseModel->insert()
 5 SYSTEMPATH/BaseModel.php(698): CodeIgniter\Model->insert()
 6 APPPATH/Controllers/AuthorController.php(58): CodeIgniter\BaseModel->save()
 7 SYSTEMPATH/CodeIgniter.php(942): App\Controllers\AuthorController->store()
 8 SYSTEMPATH/CodeIgniter.php(502): CodeIgniter\CodeIgniter->runController()
 9 SYSTEMPATH/CodeIgniter.php(361): CodeIgniter\CodeIgniter->handleRequest()
10 FCPATH/index.php(79): CodeIgniter\CodeIgniter->run()
11 SYSTEMPATH/Commands/Server/rewrite.php(47): require_once('/home/jhann.erict.c.tinaza/Documents/Tinaza_j/shinkan-library-management-system/public/index.php')
ERROR - 2023-12-08 09:41:54 --> mysqli_sql_exception: Column 'author_name' cannot be null in /home/jhann.erict.c.tinaza/Documents/Tinaza_j/shinkan-library-management-system/system/Database/MySQLi/Connection.php:306
Stack trace:
#0 /home/jhann.erict.c.tinaza/Documents/Tinaza_j/shinkan-library-management-system/system/Database/MySQLi/Connection.php(306): mysqli->query()
#1 /home/jhann.erict.c.tinaza/Documents/Tinaza_j/shinkan-library-management-system/system/Database/BaseConnection.php(693): CodeIgniter\Database\MySQLi\Connection->execute()
#2 /home/jhann.erict.c.tinaza/Documents/Tinaza_j/shinkan-library-management-system/system/Database/BaseConnection.php(607): CodeIgniter\Database\BaseConnection->simpleQuery()
#3 /home/jhann.erict.c.tinaza/Documents/Tinaza_j/shinkan-library-management-system/system/Database/BaseBuilder.php(2308): CodeIgniter\Database\BaseConnection->query()
#4 /home/jhann.erict.c.tinaza/Documents/Tinaza_j/shinkan-library-management-system/system/Model.php(319): CodeIgniter\Database\BaseBuilder->insert()
#5 /home/jhann.erict.c.tinaza/Documents/Tinaza_j/shinkan-library-management-system/system/BaseModel.php(788): CodeIgniter\Model->doInsert()
#6 /home/jhann.erict.c.tinaza/Documents/Tinaza_j/shinkan-library-management-system/system/Model.php(715): CodeIgniter\BaseModel->insert()
#7 /home/jhann.erict.c.tinaza/Documents/Tinaza_j/shinkan-library-management-system/system/BaseModel.php(698): CodeIgniter\Model->insert()
#8 /home/jhann.erict.c.tinaza/Documents/Tinaza_j/shinkan-library-management-system/app/Controllers/AuthorController.php(58): CodeIgniter\BaseModel->save()
#9 /home/jhann.erict.c.tinaza/Documents/Tinaza_j/shinkan-library-management-system/system/CodeIgniter.php(942): App\Controllers\AuthorController->store()
#10 /home/jhann.erict.c.tinaza/Documents/Tinaza_j/shinkan-library-management-system/system/CodeIgniter.php(502): CodeIgniter\CodeIgniter->runController()
#11 /home/jhann.erict.c.tinaza/Documents/Tinaza_j/shinkan-library-management-system/system/CodeIgniter.php(361): CodeIgniter\CodeIgniter->handleRequest()
#12 /home/jhann.erict.c.tinaza/Documents/Tinaza_j/shinkan-library-management-system/public/index.php(79): CodeIgniter\CodeIgniter->run()
#13 /home/jhann.erict.c.tinaza/Documents/Tinaza_j/shinkan-library-management-system/system/Commands/Server/rewrite.php(47): require_once('...')
#14 {main}
CRITICAL - 2023-12-08 09:41:54 --> Column 'author_name' cannot be null
in SYSTEMPATH/Database/BaseConnection.php on line 647.
 1 SYSTEMPATH/Database/BaseBuilder.php(2308): CodeIgniter\Database\BaseConnection->query()
 2 SYSTEMPATH/Model.php(319): CodeIgniter\Database\BaseBuilder->insert()
 3 SYSTEMPATH/BaseModel.php(788): CodeIgniter\Model->doInsert()
 4 SYSTEMPATH/Model.php(715): CodeIgniter\BaseModel->insert()
 5 SYSTEMPATH/BaseModel.php(698): CodeIgniter\Model->insert()
 6 APPPATH/Controllers/AuthorController.php(58): CodeIgniter\BaseModel->save()
 7 SYSTEMPATH/CodeIgniter.php(942): App\Controllers\AuthorController->store()
 8 SYSTEMPATH/CodeIgniter.php(502): CodeIgniter\CodeIgniter->runController()
 9 SYSTEMPATH/CodeIgniter.php(361): CodeIgniter\CodeIgniter->handleRequest()
10 FCPATH/index.php(79): CodeIgniter\CodeIgniter->run()
11 SYSTEMPATH/Commands/Server/rewrite.php(47): require_once('/home/jhann.erict.c.tinaza/Documents/Tinaza_j/shinkan-library-management-system/public/index.php')
ERROR - 2023-12-08 10:04:41 --> mysqli_sql_exception: Column 'author_name' cannot be null in /home/jhann.erict.c.tinaza/Documents/Tinaza_j/shinkan-library-management-system/system/Database/MySQLi/Connection.php:306
Stack trace:
#0 /home/jhann.erict.c.tinaza/Documents/Tinaza_j/shinkan-library-management-system/system/Database/MySQLi/Connection.php(306): mysqli->query()
#1 /home/jhann.erict.c.tinaza/Documents/Tinaza_j/shinkan-library-management-system/system/Database/BaseConnection.php(693): CodeIgniter\Database\MySQLi\Connection->execute()
#2 /home/jhann.erict.c.tinaza/Documents/Tinaza_j/shinkan-library-management-system/system/Database/BaseConnection.php(607): CodeIgniter\Database\BaseConnection->simpleQuery()
#3 /home/jhann.erict.c.tinaza/Documents/Tinaza_j/shinkan-library-management-system/system/Database/BaseBuilder.php(2308): CodeIgniter\Database\BaseConnection->query()
#4 /home/jhann.erict.c.tinaza/Documents/Tinaza_j/shinkan-library-management-system/system/Model.php(319): CodeIgniter\Database\BaseBuilder->insert()
#5 /home/jhann.erict.c.tinaza/Documents/Tinaza_j/shinkan-library-management-system/system/BaseModel.php(788): CodeIgniter\Model->doInsert()
#6 /home/jhann.erict.c.tinaza/Documents/Tinaza_j/shinkan-library-management-system/system/Model.php(715): CodeIgniter\BaseModel->insert()
#7 /home/jhann.erict.c.tinaza/Documents/Tinaza_j/shinkan-library-management-system/system/BaseModel.php(698): CodeIgniter\Model->insert()
#8 /home/jhann.erict.c.tinaza/Documents/Tinaza_j/shinkan-library-management-system/app/Controllers/AuthorController.php(58): CodeIgniter\BaseModel->save()
#9 /home/jhann.erict.c.tinaza/Documents/Tinaza_j/shinkan-library-management-system/system/CodeIgniter.php(942): App\Controllers\AuthorController->store()
#10 /home/jhann.erict.c.tinaza/Documents/Tinaza_j/shinkan-library-management-system/system/CodeIgniter.php(502): CodeIgniter\CodeIgniter->runController()
#11 /home/jhann.erict.c.tinaza/Documents/Tinaza_j/shinkan-library-management-system/system/CodeIgniter.php(361): CodeIgniter\CodeIgniter->handleRequest()
#12 /home/jhann.erict.c.tinaza/Documents/Tinaza_j/shinkan-library-management-system/public/index.php(79): CodeIgniter\CodeIgniter->run()
#13 /home/jhann.erict.c.tinaza/Documents/Tinaza_j/shinkan-library-management-system/system/Commands/Server/rewrite.php(47): require_once('...')
#14 {main}
CRITICAL - 2023-12-08 10:04:41 --> Column 'author_name' cannot be null
in SYSTEMPATH/Database/BaseConnection.php on line 647.
 1 SYSTEMPATH/Database/BaseBuilder.php(2308): CodeIgniter\Database\BaseConnection->query()
 2 SYSTEMPATH/Model.php(319): CodeIgniter\Database\BaseBuilder->insert()
 3 SYSTEMPATH/BaseModel.php(788): CodeIgniter\Model->doInsert()
 4 SYSTEMPATH/Model.php(715): CodeIgniter\BaseModel->insert()
 5 SYSTEMPATH/BaseModel.php(698): CodeIgniter\Model->insert()
 6 APPPATH/Controllers/AuthorController.php(58): CodeIgniter\BaseModel->save()
 7 SYSTEMPATH/CodeIgniter.php(942): App\Controllers\AuthorController->store()
 8 SYSTEMPATH/CodeIgniter.php(502): CodeIgniter\CodeIgniter->runController()
 9 SYSTEMPATH/CodeIgniter.php(361): CodeIgniter\CodeIgniter->handleRequest()
10 FCPATH/index.php(79): CodeIgniter\CodeIgniter->run()
11 SYSTEMPATH/Commands/Server/rewrite.php(47): require_once('/home/jhann.erict.c.tinaza/Documents/Tinaza_j/shinkan-library-management-system/public/index.php')
CRITICAL - 2023-12-08 13:12:09 --> Deletes are not allowed unless they contain a "where" or "like" clause.
in SYSTEMPATH/Database/BaseBuilder.php on line 2766.
 1 SYSTEMPATH/Model.php(445): CodeIgniter\Database\BaseBuilder->delete()
 2 SYSTEMPATH/BaseModel.php(1080): CodeIgniter\Model->doDelete()
 3 APPPATH/Controllers/AuthorController.php(89): CodeIgniter\BaseModel->delete()
 4 SYSTEMPATH/CodeIgniter.php(942): App\Controllers\AuthorController->delete()
 5 SYSTEMPATH/CodeIgniter.php(502): CodeIgniter\CodeIgniter->runController()
 6 SYSTEMPATH/CodeIgniter.php(361): CodeIgniter\CodeIgniter->handleRequest()
 7 FCPATH/index.php(79): CodeIgniter\CodeIgniter->run()
 8 SYSTEMPATH/Commands/Server/rewrite.php(47): require_once('/home/jhann.erict.c.tinaza/Documents/Tinaza_j/shinkan-library-management-system/public/index.php')
CRITICAL - 2023-12-08 13:12:27 --> Deletes are not allowed unless they contain a "where" or "like" clause.
in SYSTEMPATH/Database/BaseBuilder.php on line 2766.
 1 SYSTEMPATH/Model.php(445): CodeIgniter\Database\BaseBuilder->delete()
 2 SYSTEMPATH/BaseModel.php(1080): CodeIgniter\Model->doDelete()
 3 APPPATH/Controllers/AuthorController.php(89): CodeIgniter\BaseModel->delete()
 4 SYSTEMPATH/CodeIgniter.php(942): App\Controllers\AuthorController->delete()
 5 SYSTEMPATH/CodeIgniter.php(502): CodeIgniter\CodeIgniter->runController()
 6 SYSTEMPATH/CodeIgniter.php(361): CodeIgniter\CodeIgniter->handleRequest()
 7 FCPATH/index.php(79): CodeIgniter\CodeIgniter->run()
 8 SYSTEMPATH/Commands/Server/rewrite.php(47): require_once('/home/jhann.erict.c.tinaza/Documents/Tinaza_j/shinkan-library-management-system/public/index.php')
CRITICAL - 2023-12-08 13:12:27 --> Deletes are not allowed unless they contain a "where" or "like" clause.
in SYSTEMPATH/Database/BaseBuilder.php on line 2766.
 1 SYSTEMPATH/Model.php(445): CodeIgniter\Database\BaseBuilder->delete()
 2 SYSTEMPATH/BaseModel.php(1080): CodeIgniter\Model->doDelete()
 3 APPPATH/Controllers/AuthorController.php(89): CodeIgniter\BaseModel->delete()
 4 SYSTEMPATH/CodeIgniter.php(942): App\Controllers\AuthorController->delete()
 5 SYSTEMPATH/CodeIgniter.php(502): CodeIgniter\CodeIgniter->runController()
 6 SYSTEMPATH/CodeIgniter.php(361): CodeIgniter\CodeIgniter->handleRequest()
 7 FCPATH/index.php(79): CodeIgniter\CodeIgniter->run()
 8 SYSTEMPATH/Commands/Server/rewrite.php(47): require_once('/home/jhann.erict.c.tinaza/Documents/Tinaza_j/shinkan-library-management-system/public/index.php')
CRITICAL - 2023-12-08 13:13:05 --> Deletes are not allowed unless they contain a "where" or "like" clause.
in SYSTEMPATH/Database/BaseBuilder.php on line 2766.
 1 SYSTEMPATH/Model.php(445): CodeIgniter\Database\BaseBuilder->delete()
 2 SYSTEMPATH/BaseModel.php(1080): CodeIgniter\Model->doDelete()
 3 APPPATH/Controllers/AuthorController.php(89): CodeIgniter\BaseModel->delete()
 4 SYSTEMPATH/CodeIgniter.php(942): App\Controllers\AuthorController->delete()
 5 SYSTEMPATH/CodeIgniter.php(502): CodeIgniter\CodeIgniter->runController()
 6 SYSTEMPATH/CodeIgniter.php(361): CodeIgniter\CodeIgniter->handleRequest()
 7 FCPATH/index.php(79): CodeIgniter\CodeIgniter->run()
 8 SYSTEMPATH/Commands/Server/rewrite.php(47): require_once('/home/jhann.erict.c.tinaza/Documents/Tinaza_j/shinkan-library-management-system/public/index.php')
