CRITICAL - 2023-12-06 01:30:12 --> Call to undefined method App\Models\Books::noticeTable
in SYSTEMPATH/Model.php on line 873.
 1 APPPATH/Controllers/BooksController.php(35): CodeIgniter\Model->__call()
 2 SYSTEMPATH/CodeIgniter.php(942): App\Controllers\BooksController->create()
 3 SYSTEMPATH/CodeIgniter.php(502): CodeIgniter\CodeIgniter->runController()
 4 SYSTEMPATH/CodeIgniter.php(361): CodeIgniter\CodeIgniter->handleRequest()
 5 FCPATH/index.php(79): CodeIgniter\CodeIgniter->run()
 6 SYSTEMPATH/Commands/Server/rewrite.php(47): require_once('/home/jhann.erict.c.tinaza/Documents/Tinaza_j/Library_management_system/public/index.php')
CRITICAL - 2023-12-06 01:31:15 --> Call to undefined method App\Models\Books::noticeTable
in SYSTEMPATH/Model.php on line 873.
 1 APPPATH/Controllers/BooksController.php(35): CodeIgniter\Model->__call()
 2 SYSTEMPATH/CodeIgniter.php(942): App\Controllers\BooksController->create()
 3 SYSTEMPATH/CodeIgniter.php(502): CodeIgniter\CodeIgniter->runController()
 4 SYSTEMPATH/CodeIgniter.php(361): CodeIgniter\CodeIgniter->handleRequest()
 5 FCPATH/index.php(79): CodeIgniter\CodeIgniter->run()
 6 SYSTEMPATH/Commands/Server/rewrite.php(47): require_once('/home/jhann.erict.c.tinaza/Documents/Tinaza_j/Library_management_system/public/index.php')
CRITICAL - 2023-12-06 01:39:20 --> Call to undefined method App\Models\Books::noticeTable
in SYSTEMPATH/Model.php on line 873.
 1 APPPATH/Controllers/BooksController.php(35): CodeIgniter\Model->__call()
 2 SYSTEMPATH/CodeIgniter.php(942): App\Controllers\BooksController->create()
 3 SYSTEMPATH/CodeIgniter.php(502): CodeIgniter\CodeIgniter->runController()
 4 SYSTEMPATH/CodeIgniter.php(361): CodeIgniter\CodeIgniter->handleRequest()
 5 FCPATH/index.php(79): CodeIgniter\CodeIgniter->run()
 6 SYSTEMPATH/Commands/Server/rewrite.php(47): require_once('/home/jhann.erict.c.tinaza/Documents/Tinaza_j/Library_management_system/public/index.php')
CRITICAL - 2023-12-06 01:42:20 --> Call to undefined method App\Models\Books::noticeTable
in SYSTEMPATH/Model.php on line 873.
 1 APPPATH/Controllers/BooksController.php(35): CodeIgniter\Model->__call()
 2 SYSTEMPATH/CodeIgniter.php(942): App\Controllers\BooksController->create()
 3 SYSTEMPATH/CodeIgniter.php(502): CodeIgniter\CodeIgniter->runController()
 4 SYSTEMPATH/CodeIgniter.php(361): CodeIgniter\CodeIgniter->handleRequest()
 5 FCPATH/index.php(79): CodeIgniter\CodeIgniter->run()
 6 SYSTEMPATH/Commands/Server/rewrite.php(47): require_once('/home/jhann.erict.c.tinaza/Documents/Tinaza_j/Library_management_system/public/index.php')
CRITICAL - 2023-12-06 02:00:11 --> Call to undefined method App\Models\Books::noticeTable
in SYSTEMPATH/Model.php on line 873.
 1 APPPATH/Controllers/BooksController.php(35): CodeIgniter\Model->__call()
 2 SYSTEMPATH/CodeIgniter.php(942): App\Controllers\BooksController->create()
 3 SYSTEMPATH/CodeIgniter.php(502): CodeIgniter\CodeIgniter->runController()
 4 SYSTEMPATH/CodeIgniter.php(361): CodeIgniter\CodeIgniter->handleRequest()
 5 FCPATH/index.php(79): CodeIgniter\CodeIgniter->run()
 6 SYSTEMPATH/Commands/Server/rewrite.php(47): require_once('/home/jhann.erict.c.tinaza/Documents/Tinaza_j/Library_management_system/public/index.php')
CRITICAL - 2023-12-06 02:07:01 --> Call to undefined method App\Models\Books::noticeTable
in SYSTEMPATH/Model.php on line 873.
 1 APPPATH/Controllers/BooksController.php(35): CodeIgniter\Model->__call()
 2 SYSTEMPATH/CodeIgniter.php(942): App\Controllers\BooksController->create()
 3 SYSTEMPATH/CodeIgniter.php(502): CodeIgniter\CodeIgniter->runController()
 4 SYSTEMPATH/CodeIgniter.php(361): CodeIgniter\CodeIgniter->handleRequest()
 5 FCPATH/index.php(79): CodeIgniter\CodeIgniter->run()
 6 SYSTEMPATH/Commands/Server/rewrite.php(47): require_once('/home/jhann.erict.c.tinaza/Documents/Tinaza_j/Library_management_system/public/index.php')
CRITICAL - 2023-12-06 02:19:34 --> Call to undefined method App\Models\Books::noticeTable
in SYSTEMPATH/Model.php on line 873.
 1 APPPATH/Controllers/BooksController.php(36): CodeIgniter\Model->__call()
 2 SYSTEMPATH/CodeIgniter.php(942): App\Controllers\BooksController->create()
 3 SYSTEMPATH/CodeIgniter.php(502): CodeIgniter\CodeIgniter->runController()
 4 SYSTEMPATH/CodeIgniter.php(361): CodeIgniter\CodeIgniter->handleRequest()
 5 FCPATH/index.php(79): CodeIgniter\CodeIgniter->run()
 6 SYSTEMPATH/Commands/Server/rewrite.php(47): require_once('/home/jhann.erict.c.tinaza/Documents/Tinaza_j/Library_management_system/public/index.php')
CRITICAL - 2023-12-06 02:22:00 --> Call to undefined method App\Models\Books::noticeTable
in SYSTEMPATH/Model.php on line 873.
 1 APPPATH/Controllers/BooksController.php(36): CodeIgniter\Model->__call()
 2 SYSTEMPATH/CodeIgniter.php(942): App\Controllers\BooksController->create()
 3 SYSTEMPATH/CodeIgniter.php(502): CodeIgniter\CodeIgniter->runController()
 4 SYSTEMPATH/CodeIgniter.php(361): CodeIgniter\CodeIgniter->handleRequest()
 5 FCPATH/index.php(79): CodeIgniter\CodeIgniter->run()
 6 SYSTEMPATH/Commands/Server/rewrite.php(47): require_once('/home/jhann.erict.c.tinaza/Documents/Tinaza_j/Library_management_system/public/index.php')
CRITICAL - 2023-12-06 02:55:23 --> Call to undefined method App\Models\Books::noticeTable
in SYSTEMPATH/Model.php on line 873.
 1 APPPATH/Controllers/BooksController.php(36): CodeIgniter\Model->__call()
 2 SYSTEMPATH/CodeIgniter.php(942): App\Controllers\BooksController->create()
 3 SYSTEMPATH/CodeIgniter.php(502): CodeIgniter\CodeIgniter->runController()
 4 SYSTEMPATH/CodeIgniter.php(361): CodeIgniter\CodeIgniter->handleRequest()
 5 FCPATH/index.php(79): CodeIgniter\CodeIgniter->run()
 6 SYSTEMPATH/Commands/Server/rewrite.php(47): require_once('/home/jhann.erict.c.tinaza/Documents/Tinaza_j/Library_management_system/public/index.php')
CRITICAL - 2023-12-06 03:39:55 --> Call to undefined method App\Models\Books::noticeTable
in SYSTEMPATH/Model.php on line 873.
 1 APPPATH/Controllers/BooksController.php(36): CodeIgniter\Model->__call()
 2 SYSTEMPATH/CodeIgniter.php(942): App\Controllers\BooksController->create()
 3 SYSTEMPATH/CodeIgniter.php(502): CodeIgniter\CodeIgniter->runController()
 4 SYSTEMPATH/CodeIgniter.php(361): CodeIgniter\CodeIgniter->handleRequest()
 5 FCPATH/index.php(79): CodeIgniter\CodeIgniter->run()
 6 SYSTEMPATH/Commands/Server/rewrite.php(47): require_once('/home/jhann.erict.c.tinaza/Documents/Tinaza_j/Library_management_system/public/index.php')
CRITICAL - 2023-12-06 03:44:56 --> Call to undefined method App\Models\Books::noticeTable
in SYSTEMPATH/Model.php on line 873.
 1 APPPATH/Controllers/BooksController.php(36): CodeIgniter\Model->__call()
 2 SYSTEMPATH/CodeIgniter.php(942): App\Controllers\BooksController->create()
 3 SYSTEMPATH/CodeIgniter.php(502): CodeIgniter\CodeIgniter->runController()
 4 SYSTEMPATH/CodeIgniter.php(361): CodeIgniter\CodeIgniter->handleRequest()
 5 FCPATH/index.php(79): CodeIgniter\CodeIgniter->run()
 6 SYSTEMPATH/Commands/Server/rewrite.php(47): require_once('/home/jhann.erict.c.tinaza/Documents/Tinaza_j/Library_management_system/public/index.php')
CRITICAL - 2023-12-06 03:53:13 --> Call to undefined method App\Models\Books::noticeTable
in SYSTEMPATH/Model.php on line 873.
 1 APPPATH/Controllers/BooksController.php(36): CodeIgniter\Model->__call()
 2 SYSTEMPATH/CodeIgniter.php(942): App\Controllers\BooksController->create()
 3 SYSTEMPATH/CodeIgniter.php(502): CodeIgniter\CodeIgniter->runController()
 4 SYSTEMPATH/CodeIgniter.php(361): CodeIgniter\CodeIgniter->handleRequest()
 5 FCPATH/index.php(79): CodeIgniter\CodeIgniter->run()
 6 SYSTEMPATH/Commands/Server/rewrite.php(47): require_once('/home/jhann.erict.c.tinaza/Documents/Tinaza_j/Library_management_system/public/index.php')
CRITICAL - 2023-12-06 04:00:52 --> Call to undefined method App\Models\Books::noticeTable
in SYSTEMPATH/Model.php on line 873.
 1 APPPATH/Controllers/BooksController.php(36): CodeIgniter\Model->__call()
 2 SYSTEMPATH/CodeIgniter.php(942): App\Controllers\BooksController->create()
 3 SYSTEMPATH/CodeIgniter.php(502): CodeIgniter\CodeIgniter->runController()
 4 SYSTEMPATH/CodeIgniter.php(361): CodeIgniter\CodeIgniter->handleRequest()
 5 FCPATH/index.php(79): CodeIgniter\CodeIgniter->run()
 6 SYSTEMPATH/Commands/Server/rewrite.php(47): require_once('/home/jhann.erict.c.tinaza/Documents/Tinaza_j/Library_management_system/public/index.php')
CRITICAL - 2023-12-06 04:01:09 --> Call to undefined method App\Models\Books::noticeTable
in SYSTEMPATH/Model.php on line 873.
 1 APPPATH/Controllers/BooksController.php(36): CodeIgniter\Model->__call()
 2 SYSTEMPATH/CodeIgniter.php(942): App\Controllers\BooksController->create()
 3 SYSTEMPATH/CodeIgniter.php(502): CodeIgniter\CodeIgniter->runController()
 4 SYSTEMPATH/CodeIgniter.php(361): CodeIgniter\CodeIgniter->handleRequest()
 5 FCPATH/index.php(79): CodeIgniter\CodeIgniter->run()
 6 SYSTEMPATH/Commands/Server/rewrite.php(47): require_once('/home/jhann.erict.c.tinaza/Documents/Tinaza_j/Library_management_system/public/index.php')
CRITICAL - 2023-12-06 04:01:21 --> Call to undefined method App\Models\Books::noticeTable
in SYSTEMPATH/Model.php on line 873.
 1 APPPATH/Controllers/BooksController.php(36): CodeIgniter\Model->__call()
 2 SYSTEMPATH/CodeIgniter.php(942): App\Controllers\BooksController->create()
 3 SYSTEMPATH/CodeIgniter.php(502): CodeIgniter\CodeIgniter->runController()
 4 SYSTEMPATH/CodeIgniter.php(361): CodeIgniter\CodeIgniter->handleRequest()
 5 FCPATH/index.php(79): CodeIgniter\CodeIgniter->run()
 6 SYSTEMPATH/Commands/Server/rewrite.php(47): require_once('/home/jhann.erict.c.tinaza/Documents/Tinaza_j/Library_management_system/public/index.php')
CRITICAL - 2023-12-06 04:01:53 --> Call to undefined method App\Models\Books::noticeTable
in SYSTEMPATH/Model.php on line 873.
 1 APPPATH/Controllers/BooksController.php(36): CodeIgniter\Model->__call()
 2 SYSTEMPATH/CodeIgniter.php(942): App\Controllers\BooksController->create()
 3 SYSTEMPATH/CodeIgniter.php(502): CodeIgniter\CodeIgniter->runController()
 4 SYSTEMPATH/CodeIgniter.php(361): CodeIgniter\CodeIgniter->handleRequest()
 5 FCPATH/index.php(79): CodeIgniter\CodeIgniter->run()
 6 SYSTEMPATH/Commands/Server/rewrite.php(47): require_once('/home/jhann.erict.c.tinaza/Documents/Tinaza_j/Library_management_system/public/index.php')
CRITICAL - 2023-12-06 04:06:56 --> Call to undefined method App\Models\Books::noticeTable
in SYSTEMPATH/Model.php on line 873.
 1 APPPATH/Controllers/BooksController.php(22): CodeIgniter\Model->__call()
 2 SYSTEMPATH/CodeIgniter.php(942): App\Controllers\BooksController->create()
 3 SYSTEMPATH/CodeIgniter.php(502): CodeIgniter\CodeIgniter->runController()
 4 SYSTEMPATH/CodeIgniter.php(361): CodeIgniter\CodeIgniter->handleRequest()
 5 FCPATH/index.php(79): CodeIgniter\CodeIgniter->run()
 6 SYSTEMPATH/Commands/Server/rewrite.php(47): require_once('/home/jhann.erict.c.tinaza/Documents/Tinaza_j/Library_management_system/public/index.php')
CRITICAL - 2023-12-06 04:07:45 --> Call to undefined method App\Models\Books::noticeTable
in SYSTEMPATH/Model.php on line 873.
 1 APPPATH/Controllers/BooksController.php(22): CodeIgniter\Model->__call()
 2 SYSTEMPATH/CodeIgniter.php(942): App\Controllers\BooksController->create()
 3 SYSTEMPATH/CodeIgniter.php(502): CodeIgniter\CodeIgniter->runController()
 4 SYSTEMPATH/CodeIgniter.php(361): CodeIgniter\CodeIgniter->handleRequest()
 5 FCPATH/index.php(79): CodeIgniter\CodeIgniter->run()
 6 SYSTEMPATH/Commands/Server/rewrite.php(47): require_once('/home/jhann.erict.c.tinaza/Documents/Tinaza_j/Library_management_system/public/index.php')
CRITICAL - 2023-12-06 04:09:30 --> Call to undefined method App\Models\Books::noticeTable
in SYSTEMPATH/Model.php on line 873.
 1 APPPATH/Controllers/BooksController.php(22): CodeIgniter\Model->__call()
 2 SYSTEMPATH/CodeIgniter.php(942): App\Controllers\BooksController->create()
 3 SYSTEMPATH/CodeIgniter.php(502): CodeIgniter\CodeIgniter->runController()
 4 SYSTEMPATH/CodeIgniter.php(361): CodeIgniter\CodeIgniter->handleRequest()
 5 FCPATH/index.php(79): CodeIgniter\CodeIgniter->run()
 6 SYSTEMPATH/Commands/Server/rewrite.php(47): require_once('/home/jhann.erict.c.tinaza/Documents/Tinaza_j/Library_management_system/public/index.php')
ERROR - 2023-12-06 04:13:00 --> mysqli_sql_exception: Table 'ShinkanLibraryDB.subject' doesn't exist in /home/jhann.erict.c.tinaza/Documents/Tinaza_j/Library_management_system/system/Database/MySQLi/Connection.php:306
Stack trace:
#0 /home/jhann.erict.c.tinaza/Documents/Tinaza_j/Library_management_system/system/Database/MySQLi/Connection.php(306): mysqli->query()
#1 /home/jhann.erict.c.tinaza/Documents/Tinaza_j/Library_management_system/system/Database/BaseConnection.php(693): CodeIgniter\Database\MySQLi\Connection->execute()
#2 /home/jhann.erict.c.tinaza/Documents/Tinaza_j/Library_management_system/system/Database/BaseConnection.php(607): CodeIgniter\Database\BaseConnection->simpleQuery()
#3 /home/jhann.erict.c.tinaza/Documents/Tinaza_j/Library_management_system/system/Database/BaseBuilder.php(1615): CodeIgniter\Database\BaseConnection->query()
#4 /home/jhann.erict.c.tinaza/Documents/Tinaza_j/Library_management_system/vendor/monken/tablesigniter/src/TablesIgniter.php(171): CodeIgniter\Database\BaseBuilder->get()
#5 /home/jhann.erict.c.tinaza/Documents/Tinaza_j/Library_management_system/vendor/monken/tablesigniter/src/TablesIgniter.php(249): monken\TablesIgniter->getQuery()
#6 /home/jhann.erict.c.tinaza/Documents/Tinaza_j/Library_management_system/app/Controllers/BooksController.php(26): monken\TablesIgniter->getDatatable()
#7 /home/jhann.erict.c.tinaza/Documents/Tinaza_j/Library_management_system/system/CodeIgniter.php(942): App\Controllers\BooksController->create()
#8 /home/jhann.erict.c.tinaza/Documents/Tinaza_j/Library_management_system/system/CodeIgniter.php(502): CodeIgniter\CodeIgniter->runController()
#9 /home/jhann.erict.c.tinaza/Documents/Tinaza_j/Library_management_system/system/CodeIgniter.php(361): CodeIgniter\CodeIgniter->handleRequest()
#10 /home/jhann.erict.c.tinaza/Documents/Tinaza_j/Library_management_system/public/index.php(79): CodeIgniter\CodeIgniter->run()
#11 /home/jhann.erict.c.tinaza/Documents/Tinaza_j/Library_management_system/system/Commands/Server/rewrite.php(47): require_once('...')
#12 {main}
CRITICAL - 2023-12-06 04:13:00 --> Table 'ShinkanLibraryDB.subject' doesn't exist
in SYSTEMPATH/Database/BaseConnection.php on line 647.
 1 SYSTEMPATH/Database/BaseBuilder.php(1615): CodeIgniter\Database\BaseConnection->query()
 2 VENDORPATH/monken/tablesigniter/src/TablesIgniter.php(171): CodeIgniter\Database\BaseBuilder->get()
 3 VENDORPATH/monken/tablesigniter/src/TablesIgniter.php(249): monken\TablesIgniter->getQuery()
 4 APPPATH/Controllers/BooksController.php(26): monken\TablesIgniter->getDatatable()
 5 SYSTEMPATH/CodeIgniter.php(942): App\Controllers\BooksController->create()
 6 SYSTEMPATH/CodeIgniter.php(502): CodeIgniter\CodeIgniter->runController()
 7 SYSTEMPATH/CodeIgniter.php(361): CodeIgniter\CodeIgniter->handleRequest()
 8 FCPATH/index.php(79): CodeIgniter\CodeIgniter->run()
 9 SYSTEMPATH/Commands/Server/rewrite.php(47): require_once('/home/jhann.erict.c.tinaza/Documents/Tinaza_j/Library_management_system/public/index.php')
ERROR - 2023-12-06 04:13:31 --> mysqli_sql_exception: Table 'ShinkanLibraryDB.subject' doesn't exist in /home/jhann.erict.c.tinaza/Documents/Tinaza_j/Library_management_system/system/Database/MySQLi/Connection.php:306
Stack trace:
#0 /home/jhann.erict.c.tinaza/Documents/Tinaza_j/Library_management_system/system/Database/MySQLi/Connection.php(306): mysqli->query()
#1 /home/jhann.erict.c.tinaza/Documents/Tinaza_j/Library_management_system/system/Database/BaseConnection.php(693): CodeIgniter\Database\MySQLi\Connection->execute()
#2 /home/jhann.erict.c.tinaza/Documents/Tinaza_j/Library_management_system/system/Database/BaseConnection.php(607): CodeIgniter\Database\BaseConnection->simpleQuery()
#3 /home/jhann.erict.c.tinaza/Documents/Tinaza_j/Library_management_system/system/Database/BaseBuilder.php(1615): CodeIgniter\Database\BaseConnection->query()
#4 /home/jhann.erict.c.tinaza/Documents/Tinaza_j/Library_management_system/vendor/monken/tablesigniter/src/TablesIgniter.php(171): CodeIgniter\Database\BaseBuilder->get()
#5 /home/jhann.erict.c.tinaza/Documents/Tinaza_j/Library_management_system/vendor/monken/tablesigniter/src/TablesIgniter.php(249): monken\TablesIgniter->getQuery()
#6 /home/jhann.erict.c.tinaza/Documents/Tinaza_j/Library_management_system/app/Controllers/BooksController.php(26): monken\TablesIgniter->getDatatable()
#7 /home/jhann.erict.c.tinaza/Documents/Tinaza_j/Library_management_system/system/CodeIgniter.php(942): App\Controllers\BooksController->create()
#8 /home/jhann.erict.c.tinaza/Documents/Tinaza_j/Library_management_system/system/CodeIgniter.php(502): CodeIgniter\CodeIgniter->runController()
#9 /home/jhann.erict.c.tinaza/Documents/Tinaza_j/Library_management_system/system/CodeIgniter.php(361): CodeIgniter\CodeIgniter->handleRequest()
#10 /home/jhann.erict.c.tinaza/Documents/Tinaza_j/Library_management_system/public/index.php(79): CodeIgniter\CodeIgniter->run()
#11 /home/jhann.erict.c.tinaza/Documents/Tinaza_j/Library_management_system/system/Commands/Server/rewrite.php(47): require_once('...')
#12 {main}
CRITICAL - 2023-12-06 04:13:31 --> Table 'ShinkanLibraryDB.subject' doesn't exist
in SYSTEMPATH/Database/BaseConnection.php on line 647.
 1 SYSTEMPATH/Database/BaseBuilder.php(1615): CodeIgniter\Database\BaseConnection->query()
 2 VENDORPATH/monken/tablesigniter/src/TablesIgniter.php(171): CodeIgniter\Database\BaseBuilder->get()
 3 VENDORPATH/monken/tablesigniter/src/TablesIgniter.php(249): monken\TablesIgniter->getQuery()
 4 APPPATH/Controllers/BooksController.php(26): monken\TablesIgniter->getDatatable()
 5 SYSTEMPATH/CodeIgniter.php(942): App\Controllers\BooksController->create()
 6 SYSTEMPATH/CodeIgniter.php(502): CodeIgniter\CodeIgniter->runController()
 7 SYSTEMPATH/CodeIgniter.php(361): CodeIgniter\CodeIgniter->handleRequest()
 8 FCPATH/index.php(79): CodeIgniter\CodeIgniter->run()
 9 SYSTEMPATH/Commands/Server/rewrite.php(47): require_once('/home/jhann.erict.c.tinaza/Documents/Tinaza_j/Library_management_system/public/index.php')
ERROR - 2023-12-06 04:14:31 --> mysqli_sql_exception: Table 'ShinkanLibraryDB.subject' doesn't exist in /home/jhann.erict.c.tinaza/Documents/Tinaza_j/Library_management_system/system/Database/MySQLi/Connection.php:306
Stack trace:
#0 /home/jhann.erict.c.tinaza/Documents/Tinaza_j/Library_management_system/system/Database/MySQLi/Connection.php(306): mysqli->query()
#1 /home/jhann.erict.c.tinaza/Documents/Tinaza_j/Library_management_system/system/Database/BaseConnection.php(693): CodeIgniter\Database\MySQLi\Connection->execute()
#2 /home/jhann.erict.c.tinaza/Documents/Tinaza_j/Library_management_system/system/Database/BaseConnection.php(607): CodeIgniter\Database\BaseConnection->simpleQuery()
#3 /home/jhann.erict.c.tinaza/Documents/Tinaza_j/Library_management_system/system/Database/BaseBuilder.php(1615): CodeIgniter\Database\BaseConnection->query()
#4 /home/jhann.erict.c.tinaza/Documents/Tinaza_j/Library_management_system/vendor/monken/tablesigniter/src/TablesIgniter.php(171): CodeIgniter\Database\BaseBuilder->get()
#5 /home/jhann.erict.c.tinaza/Documents/Tinaza_j/Library_management_system/vendor/monken/tablesigniter/src/TablesIgniter.php(249): monken\TablesIgniter->getQuery()
#6 /home/jhann.erict.c.tinaza/Documents/Tinaza_j/Library_management_system/app/Controllers/BooksController.php(26): monken\TablesIgniter->getDatatable()
#7 /home/jhann.erict.c.tinaza/Documents/Tinaza_j/Library_management_system/system/CodeIgniter.php(942): App\Controllers\BooksController->create()
#8 /home/jhann.erict.c.tinaza/Documents/Tinaza_j/Library_management_system/system/CodeIgniter.php(502): CodeIgniter\CodeIgniter->runController()
#9 /home/jhann.erict.c.tinaza/Documents/Tinaza_j/Library_management_system/system/CodeIgniter.php(361): CodeIgniter\CodeIgniter->handleRequest()
#10 /home/jhann.erict.c.tinaza/Documents/Tinaza_j/Library_management_system/public/index.php(79): CodeIgniter\CodeIgniter->run()
#11 /home/jhann.erict.c.tinaza/Documents/Tinaza_j/Library_management_system/system/Commands/Server/rewrite.php(47): require_once('...')
#12 {main}
CRITICAL - 2023-12-06 04:14:31 --> Table 'ShinkanLibraryDB.subject' doesn't exist
in SYSTEMPATH/Database/BaseConnection.php on line 647.
 1 SYSTEMPATH/Database/BaseBuilder.php(1615): CodeIgniter\Database\BaseConnection->query()
 2 VENDORPATH/monken/tablesigniter/src/TablesIgniter.php(171): CodeIgniter\Database\BaseBuilder->get()
 3 VENDORPATH/monken/tablesigniter/src/TablesIgniter.php(249): monken\TablesIgniter->getQuery()
 4 APPPATH/Controllers/BooksController.php(26): monken\TablesIgniter->getDatatable()
 5 SYSTEMPATH/CodeIgniter.php(942): App\Controllers\BooksController->create()
 6 SYSTEMPATH/CodeIgniter.php(502): CodeIgniter\CodeIgniter->runController()
 7 SYSTEMPATH/CodeIgniter.php(361): CodeIgniter\CodeIgniter->handleRequest()
 8 FCPATH/index.php(79): CodeIgniter\CodeIgniter->run()
 9 SYSTEMPATH/Commands/Server/rewrite.php(47): require_once('/home/jhann.erict.c.tinaza/Documents/Tinaza_j/Library_management_system/public/index.php')
CRITICAL - 2023-12-06 04:32:09 --> Undefined array key "author"
in VENDORPATH/monken/tablesigniter/src/TablesIgniter.php on line 188.
 1 VENDORPATH/monken/tablesigniter/src/TablesIgniter.php(188): CodeIgniter\Debug\Exceptions->errorHandler()
 2 VENDORPATH/monken/tablesigniter/src/TablesIgniter.php(252): monken\TablesIgniter->getOutputData()
 3 APPPATH/Controllers/BooksController.php(26): monken\TablesIgniter->getDatatable()
 4 SYSTEMPATH/CodeIgniter.php(942): App\Controllers\BooksController->create()
 5 SYSTEMPATH/CodeIgniter.php(502): CodeIgniter\CodeIgniter->runController()
 6 SYSTEMPATH/CodeIgniter.php(361): CodeIgniter\CodeIgniter->handleRequest()
 7 FCPATH/index.php(79): CodeIgniter\CodeIgniter->run()
 8 SYSTEMPATH/Commands/Server/rewrite.php(47): require_once('/home/jhann.erict.c.tinaza/Documents/Tinaza_j/Library_management_system/public/index.php')
CRITICAL - 2023-12-06 04:33:25 --> Undefined array key "author"
in VENDORPATH/monken/tablesigniter/src/TablesIgniter.php on line 188.
 1 VENDORPATH/monken/tablesigniter/src/TablesIgniter.php(188): CodeIgniter\Debug\Exceptions->errorHandler()
 2 VENDORPATH/monken/tablesigniter/src/TablesIgniter.php(252): monken\TablesIgniter->getOutputData()
 3 APPPATH/Controllers/BooksController.php(26): monken\TablesIgniter->getDatatable()
 4 SYSTEMPATH/CodeIgniter.php(942): App\Controllers\BooksController->create()
 5 SYSTEMPATH/CodeIgniter.php(502): CodeIgniter\CodeIgniter->runController()
 6 SYSTEMPATH/CodeIgniter.php(361): CodeIgniter\CodeIgniter->handleRequest()
 7 FCPATH/index.php(79): CodeIgniter\CodeIgniter->run()
 8 SYSTEMPATH/Commands/Server/rewrite.php(47): require_once('/home/jhann.erict.c.tinaza/Documents/Tinaza_j/Library_management_system/public/index.php')
CRITICAL - 2023-12-06 04:33:52 --> Undefined array key "author"
in VENDORPATH/monken/tablesigniter/src/TablesIgniter.php on line 188.
 1 VENDORPATH/monken/tablesigniter/src/TablesIgniter.php(188): CodeIgniter\Debug\Exceptions->errorHandler()
 2 VENDORPATH/monken/tablesigniter/src/TablesIgniter.php(252): monken\TablesIgniter->getOutputData()
 3 APPPATH/Controllers/BooksController.php(26): monken\TablesIgniter->getDatatable()
 4 SYSTEMPATH/CodeIgniter.php(942): App\Controllers\BooksController->create()
 5 SYSTEMPATH/CodeIgniter.php(502): CodeIgniter\CodeIgniter->runController()
 6 SYSTEMPATH/CodeIgniter.php(361): CodeIgniter\CodeIgniter->handleRequest()
 7 FCPATH/index.php(79): CodeIgniter\CodeIgniter->run()
 8 SYSTEMPATH/Commands/Server/rewrite.php(47): require_once('/home/jhann.erict.c.tinaza/Documents/Tinaza_j/Library_management_system/public/index.php')
CRITICAL - 2023-12-06 04:34:05 --> Undefined array key "author"
in VENDORPATH/monken/tablesigniter/src/TablesIgniter.php on line 188.
 1 VENDORPATH/monken/tablesigniter/src/TablesIgniter.php(188): CodeIgniter\Debug\Exceptions->errorHandler()
 2 VENDORPATH/monken/tablesigniter/src/TablesIgniter.php(252): monken\TablesIgniter->getOutputData()
 3 APPPATH/Controllers/BooksController.php(26): monken\TablesIgniter->getDatatable()
 4 SYSTEMPATH/CodeIgniter.php(942): App\Controllers\BooksController->create()
 5 SYSTEMPATH/CodeIgniter.php(502): CodeIgniter\CodeIgniter->runController()
 6 SYSTEMPATH/CodeIgniter.php(361): CodeIgniter\CodeIgniter->handleRequest()
 7 FCPATH/index.php(79): CodeIgniter\CodeIgniter->run()
 8 SYSTEMPATH/Commands/Server/rewrite.php(47): require_once('/home/jhann.erict.c.tinaza/Documents/Tinaza_j/Library_management_system/public/index.php')
CRITICAL - 2023-12-06 04:34:28 --> Undefined array key "book_id"
in VENDORPATH/monken/tablesigniter/src/TablesIgniter.php on line 188.
 1 VENDORPATH/monken/tablesigniter/src/TablesIgniter.php(188): CodeIgniter\Debug\Exceptions->errorHandler()
 2 VENDORPATH/monken/tablesigniter/src/TablesIgniter.php(252): monken\TablesIgniter->getOutputData()
 3 APPPATH/Controllers/BooksController.php(26): monken\TablesIgniter->getDatatable()
 4 SYSTEMPATH/CodeIgniter.php(942): App\Controllers\BooksController->create()
 5 SYSTEMPATH/CodeIgniter.php(502): CodeIgniter\CodeIgniter->runController()
 6 SYSTEMPATH/CodeIgniter.php(361): CodeIgniter\CodeIgniter->handleRequest()
 7 FCPATH/index.php(79): CodeIgniter\CodeIgniter->run()
 8 SYSTEMPATH/Commands/Server/rewrite.php(47): require_once('/home/jhann.erict.c.tinaza/Documents/Tinaza_j/Library_management_system/public/index.php')
CRITICAL - 2023-12-06 04:34:42 --> Undefined array key "author"
in VENDORPATH/monken/tablesigniter/src/TablesIgniter.php on line 188.
 1 VENDORPATH/monken/tablesigniter/src/TablesIgniter.php(188): CodeIgniter\Debug\Exceptions->errorHandler()
 2 VENDORPATH/monken/tablesigniter/src/TablesIgniter.php(252): monken\TablesIgniter->getOutputData()
 3 APPPATH/Controllers/BooksController.php(26): monken\TablesIgniter->getDatatable()
 4 SYSTEMPATH/CodeIgniter.php(942): App\Controllers\BooksController->create()
 5 SYSTEMPATH/CodeIgniter.php(502): CodeIgniter\CodeIgniter->runController()
 6 SYSTEMPATH/CodeIgniter.php(361): CodeIgniter\CodeIgniter->handleRequest()
 7 FCPATH/index.php(79): CodeIgniter\CodeIgniter->run()
 8 SYSTEMPATH/Commands/Server/rewrite.php(47): require_once('/home/jhann.erict.c.tinaza/Documents/Tinaza_j/Library_management_system/public/index.php')
CRITICAL - 2023-12-06 04:39:45 --> Undefined array key "author"
in VENDORPATH/monken/tablesigniter/src/TablesIgniter.php on line 188.
 1 VENDORPATH/monken/tablesigniter/src/TablesIgniter.php(188): CodeIgniter\Debug\Exceptions->errorHandler()
 2 VENDORPATH/monken/tablesigniter/src/TablesIgniter.php(252): monken\TablesIgniter->getOutputData()
 3 APPPATH/Controllers/BooksController.php(26): monken\TablesIgniter->getDatatable()
 4 SYSTEMPATH/CodeIgniter.php(942): App\Controllers\BooksController->create()
 5 SYSTEMPATH/CodeIgniter.php(502): CodeIgniter\CodeIgniter->runController()
 6 SYSTEMPATH/CodeIgniter.php(361): CodeIgniter\CodeIgniter->handleRequest()
 7 FCPATH/index.php(79): CodeIgniter\CodeIgniter->run()
 8 SYSTEMPATH/Commands/Server/rewrite.php(47): require_once('/home/jhann.erict.c.tinaza/Documents/Tinaza_j/Library_management_system/public/index.php')
CRITICAL - 2023-12-06 04:40:13 --> Undefined array key "author"
in VENDORPATH/monken/tablesigniter/src/TablesIgniter.php on line 188.
 1 VENDORPATH/monken/tablesigniter/src/TablesIgniter.php(188): CodeIgniter\Debug\Exceptions->errorHandler()
 2 VENDORPATH/monken/tablesigniter/src/TablesIgniter.php(252): monken\TablesIgniter->getOutputData()
 3 APPPATH/Controllers/BooksController.php(26): monken\TablesIgniter->getDatatable()
 4 SYSTEMPATH/CodeIgniter.php(942): App\Controllers\BooksController->create()
 5 SYSTEMPATH/CodeIgniter.php(502): CodeIgniter\CodeIgniter->runController()
 6 SYSTEMPATH/CodeIgniter.php(361): CodeIgniter\CodeIgniter->handleRequest()
 7 FCPATH/index.php(79): CodeIgniter\CodeIgniter->run()
 8 SYSTEMPATH/Commands/Server/rewrite.php(47): require_once('/home/jhann.erict.c.tinaza/Documents/Tinaza_j/Library_management_system/public/index.php')
CRITICAL - 2023-12-06 04:41:20 --> Undefined array key "author"
in VENDORPATH/monken/tablesigniter/src/TablesIgniter.php on line 188.
 1 VENDORPATH/monken/tablesigniter/src/TablesIgniter.php(188): CodeIgniter\Debug\Exceptions->errorHandler()
 2 VENDORPATH/monken/tablesigniter/src/TablesIgniter.php(252): monken\TablesIgniter->getOutputData()
 3 APPPATH/Controllers/BooksController.php(26): monken\TablesIgniter->getDatatable()
 4 SYSTEMPATH/CodeIgniter.php(942): App\Controllers\BooksController->create()
 5 SYSTEMPATH/CodeIgniter.php(502): CodeIgniter\CodeIgniter->runController()
 6 SYSTEMPATH/CodeIgniter.php(361): CodeIgniter\CodeIgniter->handleRequest()
 7 FCPATH/index.php(79): CodeIgniter\CodeIgniter->run()
 8 SYSTEMPATH/Commands/Server/rewrite.php(47): require_once('/home/jhann.erict.c.tinaza/Documents/Tinaza_j/Library_management_system/public/index.php')
CRITICAL - 2023-12-06 04:41:21 --> Undefined array key "author"
in VENDORPATH/monken/tablesigniter/src/TablesIgniter.php on line 188.
 1 VENDORPATH/monken/tablesigniter/src/TablesIgniter.php(188): CodeIgniter\Debug\Exceptions->errorHandler()
 2 VENDORPATH/monken/tablesigniter/src/TablesIgniter.php(252): monken\TablesIgniter->getOutputData()
 3 APPPATH/Controllers/BooksController.php(26): monken\TablesIgniter->getDatatable()
 4 SYSTEMPATH/CodeIgniter.php(942): App\Controllers\BooksController->create()
 5 SYSTEMPATH/CodeIgniter.php(502): CodeIgniter\CodeIgniter->runController()
 6 SYSTEMPATH/CodeIgniter.php(361): CodeIgniter\CodeIgniter->handleRequest()
 7 FCPATH/index.php(79): CodeIgniter\CodeIgniter->run()
 8 SYSTEMPATH/Commands/Server/rewrite.php(47): require_once('/home/jhann.erict.c.tinaza/Documents/Tinaza_j/Library_management_system/public/index.php')
CRITICAL - 2023-12-06 04:43:44 --> Undefined array key "author"
in VENDORPATH/monken/tablesigniter/src/TablesIgniter.php on line 188.
 1 VENDORPATH/monken/tablesigniter/src/TablesIgniter.php(188): CodeIgniter\Debug\Exceptions->errorHandler()
 2 VENDORPATH/monken/tablesigniter/src/TablesIgniter.php(252): monken\TablesIgniter->getOutputData()
 3 APPPATH/Controllers/BooksController.php(26): monken\TablesIgniter->getDatatable()
 4 SYSTEMPATH/CodeIgniter.php(942): App\Controllers\BooksController->create()
 5 SYSTEMPATH/CodeIgniter.php(502): CodeIgniter\CodeIgniter->runController()
 6 SYSTEMPATH/CodeIgniter.php(361): CodeIgniter\CodeIgniter->handleRequest()
 7 FCPATH/index.php(79): CodeIgniter\CodeIgniter->run()
 8 SYSTEMPATH/Commands/Server/rewrite.php(47): require_once('/home/jhann.erict.c.tinaza/Documents/Tinaza_j/Library_management_system/public/index.php')
CRITICAL - 2023-12-06 05:36:10 --> Undefined array key "id"
in APPPATH/Models/Books.php on line 50.
 1 APPPATH/Models/Books.php(50): CodeIgniter\Debug\Exceptions->errorHandler()
 2 VENDORPATH/monken/tablesigniter/src/TablesIgniter.php(186): App\Models\Books->App\Models\{closure}()
 3 VENDORPATH/monken/tablesigniter/src/TablesIgniter.php(252): monken\TablesIgniter->getOutputData()
 4 APPPATH/Controllers/BooksController.php(26): monken\TablesIgniter->getDatatable()
 5 SYSTEMPATH/CodeIgniter.php(942): App\Controllers\BooksController->create()
 6 SYSTEMPATH/CodeIgniter.php(502): CodeIgniter\CodeIgniter->runController()
 7 SYSTEMPATH/CodeIgniter.php(361): CodeIgniter\CodeIgniter->handleRequest()
 8 FCPATH/index.php(79): CodeIgniter\CodeIgniter->run()
 9 SYSTEMPATH/Commands/Server/rewrite.php(47): require_once('/home/jhann.erict.c.tinaza/Documents/Tinaza_j/Library_management_system/public/index.php')
CRITICAL - 2023-12-06 05:42:12 --> Undefined array key "id"
in APPPATH/Models/Books.php on line 50.
 1 APPPATH/Models/Books.php(50): CodeIgniter\Debug\Exceptions->errorHandler()
 2 VENDORPATH/monken/tablesigniter/src/TablesIgniter.php(186): App\Models\Books->App\Models\{closure}()
 3 VENDORPATH/monken/tablesigniter/src/TablesIgniter.php(252): monken\TablesIgniter->getOutputData()
 4 APPPATH/Controllers/BooksController.php(26): monken\TablesIgniter->getDatatable()
 5 SYSTEMPATH/CodeIgniter.php(942): App\Controllers\BooksController->create()
 6 SYSTEMPATH/CodeIgniter.php(502): CodeIgniter\CodeIgniter->runController()
 7 SYSTEMPATH/CodeIgniter.php(361): CodeIgniter\CodeIgniter->handleRequest()
 8 FCPATH/index.php(79): CodeIgniter\CodeIgniter->run()
 9 SYSTEMPATH/Commands/Server/rewrite.php(47): require_once('/home/jhann.erict.c.tinaza/Documents/Tinaza_j/Library_management_system/public/index.php')
CRITICAL - 2023-12-06 05:43:41 --> Undefined array key "id"
in APPPATH/Models/Books.php on line 50.
 1 APPPATH/Models/Books.php(50): CodeIgniter\Debug\Exceptions->errorHandler()
 2 VENDORPATH/monken/tablesigniter/src/TablesIgniter.php(186): App\Models\Books->App\Models\{closure}()
 3 VENDORPATH/monken/tablesigniter/src/TablesIgniter.php(252): monken\TablesIgniter->getOutputData()
 4 APPPATH/Controllers/BooksController.php(26): monken\TablesIgniter->getDatatable()
 5 SYSTEMPATH/CodeIgniter.php(942): App\Controllers\BooksController->create()
 6 SYSTEMPATH/CodeIgniter.php(502): CodeIgniter\CodeIgniter->runController()
 7 SYSTEMPATH/CodeIgniter.php(361): CodeIgniter\CodeIgniter->handleRequest()
 8 FCPATH/index.php(79): CodeIgniter\CodeIgniter->run()
 9 SYSTEMPATH/Commands/Server/rewrite.php(47): require_once('/home/jhann.erict.c.tinaza/Documents/Tinaza_j/Library_management_system/public/index.php')
CRITICAL - 2023-12-06 05:47:13 --> Undefined array key "id"
in APPPATH/Models/Books.php on line 50.
 1 APPPATH/Models/Books.php(50): CodeIgniter\Debug\Exceptions->errorHandler()
 2 VENDORPATH/monken/tablesigniter/src/TablesIgniter.php(186): App\Models\Books->App\Models\{closure}()
 3 VENDORPATH/monken/tablesigniter/src/TablesIgniter.php(252): monken\TablesIgniter->getOutputData()
 4 APPPATH/Controllers/BooksController.php(26): monken\TablesIgniter->getDatatable()
 5 SYSTEMPATH/CodeIgniter.php(942): App\Controllers\BooksController->create()
 6 SYSTEMPATH/CodeIgniter.php(502): CodeIgniter\CodeIgniter->runController()
 7 SYSTEMPATH/CodeIgniter.php(361): CodeIgniter\CodeIgniter->handleRequest()
 8 FCPATH/index.php(79): CodeIgniter\CodeIgniter->run()
 9 SYSTEMPATH/Commands/Server/rewrite.php(47): require_once('/home/jhann.erict.c.tinaza/Documents/Tinaza_j/Library_management_system/public/index.php')
CRITICAL - 2023-12-06 05:47:37 --> Undefined array key "id"
in APPPATH/Models/Books.php on line 50.
 1 APPPATH/Models/Books.php(50): CodeIgniter\Debug\Exceptions->errorHandler()
 2 VENDORPATH/monken/tablesigniter/src/TablesIgniter.php(186): App\Models\Books->App\Models\{closure}()
 3 VENDORPATH/monken/tablesigniter/src/TablesIgniter.php(252): monken\TablesIgniter->getOutputData()
 4 APPPATH/Controllers/BooksController.php(26): monken\TablesIgniter->getDatatable()
 5 SYSTEMPATH/CodeIgniter.php(942): App\Controllers\BooksController->create()
 6 SYSTEMPATH/CodeIgniter.php(502): CodeIgniter\CodeIgniter->runController()
 7 SYSTEMPATH/CodeIgniter.php(361): CodeIgniter\CodeIgniter->handleRequest()
 8 FCPATH/index.php(79): CodeIgniter\CodeIgniter->run()
 9 SYSTEMPATH/Commands/Server/rewrite.php(47): require_once('/home/jhann.erict.c.tinaza/Documents/Tinaza_j/Library_management_system/public/index.php')
CRITICAL - 2023-12-06 05:49:56 --> Undefined array key "id"
in APPPATH/Models/Books.php on line 50.
 1 APPPATH/Models/Books.php(50): CodeIgniter\Debug\Exceptions->errorHandler()
 2 VENDORPATH/monken/tablesigniter/src/TablesIgniter.php(186): App\Models\Books->App\Models\{closure}()
 3 VENDORPATH/monken/tablesigniter/src/TablesIgniter.php(252): monken\TablesIgniter->getOutputData()
 4 APPPATH/Controllers/BooksController.php(26): monken\TablesIgniter->getDatatable()
 5 SYSTEMPATH/CodeIgniter.php(942): App\Controllers\BooksController->create()
 6 SYSTEMPATH/CodeIgniter.php(502): CodeIgniter\CodeIgniter->runController()
 7 SYSTEMPATH/CodeIgniter.php(361): CodeIgniter\CodeIgniter->handleRequest()
 8 FCPATH/index.php(79): CodeIgniter\CodeIgniter->run()
 9 SYSTEMPATH/Commands/Server/rewrite.php(47): require_once('/home/jhann.erict.c.tinaza/Documents/Tinaza_j/Library_management_system/public/index.php')
CRITICAL - 2023-12-06 05:59:02 --> Undefined array key "id"
in APPPATH/Models/Books.php on line 50.
 1 APPPATH/Models/Books.php(50): CodeIgniter\Debug\Exceptions->errorHandler()
 2 VENDORPATH/monken/tablesigniter/src/TablesIgniter.php(186): App\Models\Books->App\Models\{closure}()
 3 VENDORPATH/monken/tablesigniter/src/TablesIgniter.php(252): monken\TablesIgniter->getOutputData()
 4 APPPATH/Controllers/BooksController.php(26): monken\TablesIgniter->getDatatable()
 5 SYSTEMPATH/CodeIgniter.php(942): App\Controllers\BooksController->create()
 6 SYSTEMPATH/CodeIgniter.php(502): CodeIgniter\CodeIgniter->runController()
 7 SYSTEMPATH/CodeIgniter.php(361): CodeIgniter\CodeIgniter->handleRequest()
 8 FCPATH/index.php(79): CodeIgniter\CodeIgniter->run()
 9 SYSTEMPATH/Commands/Server/rewrite.php(47): require_once('/home/jhann.erict.c.tinaza/Documents/Tinaza_j/Library_management_system/public/index.php')
CRITICAL - 2023-12-06 06:57:27 --> Undefined array key "id"
in APPPATH/Models/Books.php on line 50.
 1 APPPATH/Models/Books.php(50): CodeIgniter\Debug\Exceptions->errorHandler()
 2 VENDORPATH/monken/tablesigniter/src/TablesIgniter.php(186): App\Models\Books->App\Models\{closure}()
 3 VENDORPATH/monken/tablesigniter/src/TablesIgniter.php(252): monken\TablesIgniter->getOutputData()
 4 APPPATH/Controllers/BooksController.php(26): monken\TablesIgniter->getDatatable()
 5 SYSTEMPATH/CodeIgniter.php(942): App\Controllers\BooksController->create()
 6 SYSTEMPATH/CodeIgniter.php(502): CodeIgniter\CodeIgniter->runController()
 7 SYSTEMPATH/CodeIgniter.php(361): CodeIgniter\CodeIgniter->handleRequest()
 8 FCPATH/index.php(79): CodeIgniter\CodeIgniter->run()
 9 SYSTEMPATH/Commands/Server/rewrite.php(47): require_once('/home/jhann.erict.c.tinaza/Documents/Tinaza_j/Library_management_system/public/index.php')
CRITICAL - 2023-12-06 06:59:02 --> Undefined array key "id"
in APPPATH/Models/Books.php on line 50.
 1 APPPATH/Models/Books.php(50): CodeIgniter\Debug\Exceptions->errorHandler()
 2 VENDORPATH/monken/tablesigniter/src/TablesIgniter.php(186): App\Models\Books->App\Models\{closure}()
 3 VENDORPATH/monken/tablesigniter/src/TablesIgniter.php(252): monken\TablesIgniter->getOutputData()
 4 APPPATH/Controllers/BooksController.php(26): monken\TablesIgniter->getDatatable()
 5 SYSTEMPATH/CodeIgniter.php(942): App\Controllers\BooksController->create()
 6 SYSTEMPATH/CodeIgniter.php(502): CodeIgniter\CodeIgniter->runController()
 7 SYSTEMPATH/CodeIgniter.php(361): CodeIgniter\CodeIgniter->handleRequest()
 8 FCPATH/index.php(79): CodeIgniter\CodeIgniter->run()
 9 SYSTEMPATH/Commands/Server/rewrite.php(47): require_once('/home/jhann.erict.c.tinaza/Documents/Tinaza_j/Library_management_system/public/index.php')
CRITICAL - 2023-12-06 06:59:54 --> Undefined array key "id"
in APPPATH/Models/Books.php on line 50.
 1 APPPATH/Models/Books.php(50): CodeIgniter\Debug\Exceptions->errorHandler()
 2 VENDORPATH/monken/tablesigniter/src/TablesIgniter.php(186): App\Models\Books->App\Models\{closure}()
 3 VENDORPATH/monken/tablesigniter/src/TablesIgniter.php(252): monken\TablesIgniter->getOutputData()
 4 APPPATH/Controllers/BooksController.php(26): monken\TablesIgniter->getDatatable()
 5 SYSTEMPATH/CodeIgniter.php(942): App\Controllers\BooksController->create()
 6 SYSTEMPATH/CodeIgniter.php(502): CodeIgniter\CodeIgniter->runController()
 7 SYSTEMPATH/CodeIgniter.php(361): CodeIgniter\CodeIgniter->handleRequest()
 8 FCPATH/index.php(79): CodeIgniter\CodeIgniter->run()
 9 SYSTEMPATH/Commands/Server/rewrite.php(47): require_once('/home/jhann.erict.c.tinaza/Documents/Tinaza_j/Library_management_system/public/index.php')
CRITICAL - 2023-12-06 07:00:00 --> Undefined array key "id"
in APPPATH/Models/Books.php on line 50.
 1 APPPATH/Models/Books.php(50): CodeIgniter\Debug\Exceptions->errorHandler()
 2 VENDORPATH/monken/tablesigniter/src/TablesIgniter.php(186): App\Models\Books->App\Models\{closure}()
 3 VENDORPATH/monken/tablesigniter/src/TablesIgniter.php(252): monken\TablesIgniter->getOutputData()
 4 APPPATH/Controllers/BooksController.php(26): monken\TablesIgniter->getDatatable()
 5 SYSTEMPATH/CodeIgniter.php(942): App\Controllers\BooksController->create()
 6 SYSTEMPATH/CodeIgniter.php(502): CodeIgniter\CodeIgniter->runController()
 7 SYSTEMPATH/CodeIgniter.php(361): CodeIgniter\CodeIgniter->handleRequest()
 8 FCPATH/index.php(79): CodeIgniter\CodeIgniter->run()
 9 SYSTEMPATH/Commands/Server/rewrite.php(47): require_once('/home/jhann.erict.c.tinaza/Documents/Tinaza_j/Library_management_system/public/index.php')
CRITICAL - 2023-12-06 07:01:08 --> Undefined array key "id"
in APPPATH/Models/Books.php on line 50.
 1 APPPATH/Models/Books.php(50): CodeIgniter\Debug\Exceptions->errorHandler()
 2 VENDORPATH/monken/tablesigniter/src/TablesIgniter.php(186): App\Models\Books->App\Models\{closure}()
 3 VENDORPATH/monken/tablesigniter/src/TablesIgniter.php(252): monken\TablesIgniter->getOutputData()
 4 APPPATH/Controllers/BooksController.php(26): monken\TablesIgniter->getDatatable()
 5 SYSTEMPATH/CodeIgniter.php(942): App\Controllers\BooksController->create()
 6 SYSTEMPATH/CodeIgniter.php(502): CodeIgniter\CodeIgniter->runController()
 7 SYSTEMPATH/CodeIgniter.php(361): CodeIgniter\CodeIgniter->handleRequest()
 8 FCPATH/index.php(79): CodeIgniter\CodeIgniter->run()
 9 SYSTEMPATH/Commands/Server/rewrite.php(47): require_once('/home/jhann.erict.c.tinaza/Documents/Tinaza_j/Library_management_system/public/index.php')
CRITICAL - 2023-12-06 07:02:04 --> Undefined array key "id"
in APPPATH/Models/Books.php on line 50.
 1 APPPATH/Models/Books.php(50): CodeIgniter\Debug\Exceptions->errorHandler()
 2 VENDORPATH/monken/tablesigniter/src/TablesIgniter.php(186): App\Models\Books->App\Models\{closure}()
 3 VENDORPATH/monken/tablesigniter/src/TablesIgniter.php(252): monken\TablesIgniter->getOutputData()
 4 APPPATH/Controllers/BooksController.php(26): monken\TablesIgniter->getDatatable()
 5 SYSTEMPATH/CodeIgniter.php(942): App\Controllers\BooksController->create()
 6 SYSTEMPATH/CodeIgniter.php(502): CodeIgniter\CodeIgniter->runController()
 7 SYSTEMPATH/CodeIgniter.php(361): CodeIgniter\CodeIgniter->handleRequest()
 8 FCPATH/index.php(79): CodeIgniter\CodeIgniter->run()
 9 SYSTEMPATH/Commands/Server/rewrite.php(47): require_once('/home/jhann.erict.c.tinaza/Documents/Tinaza_j/Library_management_system/public/index.php')
CRITICAL - 2023-12-06 07:02:32 --> Undefined array key "id"
in APPPATH/Models/Books.php on line 50.
 1 APPPATH/Models/Books.php(50): CodeIgniter\Debug\Exceptions->errorHandler()
 2 VENDORPATH/monken/tablesigniter/src/TablesIgniter.php(186): App\Models\Books->App\Models\{closure}()
 3 VENDORPATH/monken/tablesigniter/src/TablesIgniter.php(252): monken\TablesIgniter->getOutputData()
 4 APPPATH/Controllers/BooksController.php(26): monken\TablesIgniter->getDatatable()
 5 SYSTEMPATH/CodeIgniter.php(942): App\Controllers\BooksController->create()
 6 SYSTEMPATH/CodeIgniter.php(502): CodeIgniter\CodeIgniter->runController()
 7 SYSTEMPATH/CodeIgniter.php(361): CodeIgniter\CodeIgniter->handleRequest()
 8 FCPATH/index.php(79): CodeIgniter\CodeIgniter->run()
 9 SYSTEMPATH/Commands/Server/rewrite.php(47): require_once('/home/jhann.erict.c.tinaza/Documents/Tinaza_j/Library_management_system/public/index.php')
CRITICAL - 2023-12-06 07:03:08 --> Undefined array key "id"
in APPPATH/Models/Books.php on line 50.
 1 APPPATH/Models/Books.php(50): CodeIgniter\Debug\Exceptions->errorHandler()
 2 VENDORPATH/monken/tablesigniter/src/TablesIgniter.php(186): App\Models\Books->App\Models\{closure}()
 3 VENDORPATH/monken/tablesigniter/src/TablesIgniter.php(252): monken\TablesIgniter->getOutputData()
 4 APPPATH/Controllers/BooksController.php(26): monken\TablesIgniter->getDatatable()
 5 SYSTEMPATH/CodeIgniter.php(942): App\Controllers\BooksController->create()
 6 SYSTEMPATH/CodeIgniter.php(502): CodeIgniter\CodeIgniter->runController()
 7 SYSTEMPATH/CodeIgniter.php(361): CodeIgniter\CodeIgniter->handleRequest()
 8 FCPATH/index.php(79): CodeIgniter\CodeIgniter->run()
 9 SYSTEMPATH/Commands/Server/rewrite.php(47): require_once('/home/jhann.erict.c.tinaza/Documents/Tinaza_j/Library_management_system/public/index.php')
CRITICAL - 2023-12-06 07:03:48 --> Undefined array key "id"
in APPPATH/Models/Books.php on line 50.
 1 APPPATH/Models/Books.php(50): CodeIgniter\Debug\Exceptions->errorHandler()
 2 VENDORPATH/monken/tablesigniter/src/TablesIgniter.php(186): App\Models\Books->App\Models\{closure}()
 3 VENDORPATH/monken/tablesigniter/src/TablesIgniter.php(252): monken\TablesIgniter->getOutputData()
 4 APPPATH/Controllers/BooksController.php(26): monken\TablesIgniter->getDatatable()
 5 SYSTEMPATH/CodeIgniter.php(942): App\Controllers\BooksController->create()
 6 SYSTEMPATH/CodeIgniter.php(502): CodeIgniter\CodeIgniter->runController()
 7 SYSTEMPATH/CodeIgniter.php(361): CodeIgniter\CodeIgniter->handleRequest()
 8 FCPATH/index.php(79): CodeIgniter\CodeIgniter->run()
 9 SYSTEMPATH/Commands/Server/rewrite.php(47): require_once('/home/jhann.erict.c.tinaza/Documents/Tinaza_j/Library_management_system/public/index.php')
CRITICAL - 2023-12-06 07:04:03 --> Undefined array key "id"
in APPPATH/Models/Books.php on line 50.
 1 APPPATH/Models/Books.php(50): CodeIgniter\Debug\Exceptions->errorHandler()
 2 VENDORPATH/monken/tablesigniter/src/TablesIgniter.php(186): App\Models\Books->App\Models\{closure}()
 3 VENDORPATH/monken/tablesigniter/src/TablesIgniter.php(252): monken\TablesIgniter->getOutputData()
 4 APPPATH/Controllers/BooksController.php(26): monken\TablesIgniter->getDatatable()
 5 SYSTEMPATH/CodeIgniter.php(942): App\Controllers\BooksController->create()
 6 SYSTEMPATH/CodeIgniter.php(502): CodeIgniter\CodeIgniter->runController()
 7 SYSTEMPATH/CodeIgniter.php(361): CodeIgniter\CodeIgniter->handleRequest()
 8 FCPATH/index.php(79): CodeIgniter\CodeIgniter->run()
 9 SYSTEMPATH/Commands/Server/rewrite.php(47): require_once('/home/jhann.erict.c.tinaza/Documents/Tinaza_j/Library_management_system/public/index.php')
CRITICAL - 2023-12-06 07:05:57 --> Call to undefined method App\Models\Books::button
in SYSTEMPATH/Model.php on line 873.
 1 APPPATH/Controllers/BooksController.php(25): CodeIgniter\Model->__call()
 2 SYSTEMPATH/CodeIgniter.php(942): App\Controllers\BooksController->create()
 3 SYSTEMPATH/CodeIgniter.php(502): CodeIgniter\CodeIgniter->runController()
 4 SYSTEMPATH/CodeIgniter.php(361): CodeIgniter\CodeIgniter->handleRequest()
 5 FCPATH/index.php(79): CodeIgniter\CodeIgniter->run()
 6 SYSTEMPATH/Commands/Server/rewrite.php(47): require_once('/home/jhann.erict.c.tinaza/Documents/Tinaza_j/Library_management_system/public/index.php')
CRITICAL - 2023-12-06 07:07:57 --> Call to undefined method App\Models\Books::button
in SYSTEMPATH/Model.php on line 873.
 1 APPPATH/Controllers/BooksController.php(25): CodeIgniter\Model->__call()
 2 SYSTEMPATH/CodeIgniter.php(942): App\Controllers\BooksController->create()
 3 SYSTEMPATH/CodeIgniter.php(502): CodeIgniter\CodeIgniter->runController()
 4 SYSTEMPATH/CodeIgniter.php(361): CodeIgniter\CodeIgniter->handleRequest()
 5 FCPATH/index.php(79): CodeIgniter\CodeIgniter->run()
 6 SYSTEMPATH/Commands/Server/rewrite.php(47): require_once('/home/jhann.erict.c.tinaza/Documents/Tinaza_j/Library_management_system/public/index.php')
CRITICAL - 2023-12-06 07:08:55 --> Undefined array key "id"
in APPPATH/Models/Books.php on line 50.
 1 APPPATH/Models/Books.php(50): CodeIgniter\Debug\Exceptions->errorHandler()
 2 VENDORPATH/monken/tablesigniter/src/TablesIgniter.php(186): App\Models\Books->App\Models\{closure}()
 3 VENDORPATH/monken/tablesigniter/src/TablesIgniter.php(252): monken\TablesIgniter->getOutputData()
 4 APPPATH/Controllers/BooksController.php(26): monken\TablesIgniter->getDatatable()
 5 SYSTEMPATH/CodeIgniter.php(942): App\Controllers\BooksController->create()
 6 SYSTEMPATH/CodeIgniter.php(502): CodeIgniter\CodeIgniter->runController()
 7 SYSTEMPATH/CodeIgniter.php(361): CodeIgniter\CodeIgniter->handleRequest()
 8 FCPATH/index.php(79): CodeIgniter\CodeIgniter->run()
 9 SYSTEMPATH/Commands/Server/rewrite.php(47): require_once('/home/jhann.erict.c.tinaza/Documents/Tinaza_j/Library_management_system/public/index.php')
CRITICAL - 2023-12-06 13:34:20 --> Undefined variable $error_code
in APPPATH/Controllers/BooksController.php on line 85.
 1 APPPATH/Controllers/BooksController.php(85): CodeIgniter\Debug\Exceptions->errorHandler()
 2 SYSTEMPATH/CodeIgniter.php(942): App\Controllers\BooksController->store()
 3 SYSTEMPATH/CodeIgniter.php(502): CodeIgniter\CodeIgniter->runController()
 4 SYSTEMPATH/CodeIgniter.php(361): CodeIgniter\CodeIgniter->handleRequest()
 5 FCPATH/index.php(79): CodeIgniter\CodeIgniter->run()
 6 SYSTEMPATH/Commands/Server/rewrite.php(47): require_once('/home/jhann.erict.c.tinaza/Documents/Tinaza_j/Library_management_system/public/index.php')
CRITICAL - 2023-12-06 13:35:53 --> Undefined variable $error_code
in APPPATH/Controllers/BooksController.php on line 82.
 1 APPPATH/Controllers/BooksController.php(82): CodeIgniter\Debug\Exceptions->errorHandler()
 2 SYSTEMPATH/CodeIgniter.php(942): App\Controllers\BooksController->store()
 3 SYSTEMPATH/CodeIgniter.php(502): CodeIgniter\CodeIgniter->runController()
 4 SYSTEMPATH/CodeIgniter.php(361): CodeIgniter\CodeIgniter->handleRequest()
 5 FCPATH/index.php(79): CodeIgniter\CodeIgniter->run()
 6 SYSTEMPATH/Commands/Server/rewrite.php(47): require_once('/home/jhann.erict.c.tinaza/Documents/Tinaza_j/Library_management_system/public/index.php')
CRITICAL - 2023-12-06 13:36:02 --> Undefined variable $error_code
in APPPATH/Controllers/BooksController.php on line 82.
 1 APPPATH/Controllers/BooksController.php(82): CodeIgniter\Debug\Exceptions->errorHandler()
 2 SYSTEMPATH/CodeIgniter.php(942): App\Controllers\BooksController->store()
 3 SYSTEMPATH/CodeIgniter.php(502): CodeIgniter\CodeIgniter->runController()
 4 SYSTEMPATH/CodeIgniter.php(361): CodeIgniter\CodeIgniter->handleRequest()
 5 FCPATH/index.php(79): CodeIgniter\CodeIgniter->run()
 6 SYSTEMPATH/Commands/Server/rewrite.php(47): require_once('/home/jhann.erict.c.tinaza/Documents/Tinaza_j/Library_management_system/public/index.php')
CRITICAL - 2023-12-06 13:36:03 --> Undefined variable $error_code
in APPPATH/Controllers/BooksController.php on line 82.
 1 APPPATH/Controllers/BooksController.php(82): CodeIgniter\Debug\Exceptions->errorHandler()
 2 SYSTEMPATH/CodeIgniter.php(942): App\Controllers\BooksController->store()
 3 SYSTEMPATH/CodeIgniter.php(502): CodeIgniter\CodeIgniter->runController()
 4 SYSTEMPATH/CodeIgniter.php(361): CodeIgniter\CodeIgniter->handleRequest()
 5 FCPATH/index.php(79): CodeIgniter\CodeIgniter->run()
 6 SYSTEMPATH/Commands/Server/rewrite.php(47): require_once('/home/jhann.erict.c.tinaza/Documents/Tinaza_j/Library_management_system/public/index.php')
CRITICAL - 2023-12-06 13:38:09 --> Undefined variable $error_code
in APPPATH/Controllers/BooksController.php on line 82.
 1 APPPATH/Controllers/BooksController.php(82): CodeIgniter\Debug\Exceptions->errorHandler()
 2 SYSTEMPATH/CodeIgniter.php(942): App\Controllers\BooksController->store()
 3 SYSTEMPATH/CodeIgniter.php(502): CodeIgniter\CodeIgniter->runController()
 4 SYSTEMPATH/CodeIgniter.php(361): CodeIgniter\CodeIgniter->handleRequest()
 5 FCPATH/index.php(79): CodeIgniter\CodeIgniter->run()
 6 SYSTEMPATH/Commands/Server/rewrite.php(47): require_once('/home/jhann.erict.c.tinaza/Documents/Tinaza_j/Library_management_system/public/index.php')
